<?xml version="1.0" encoding="UTF-8"?>
<coverage generated="1750882094918" clover="3.2.0">
  <project timestamp="1750882094918" name="All files">
    <metrics statements="677" coveredstatements="517" conditionals="94" coveredconditionals="79" methods="28" coveredmethods="21" elements="799" coveredelements="617" complexity="0" loc="677" ncloc="677" packages="8" files="10" classes="10"/>
    <package name="truckbusters_frontend">
      <metrics statements="81" coveredstatements="0" conditionals="2" coveredconditionals="0" methods="2" coveredmethods="0"/>
      <file name=" eslint.config.js" path="/home/aurore/Documents/cda-simplon-val/021-truckbusters/truckbusters_frontend/ eslint.config.js">
        <metrics statements="39" coveredstatements="0" conditionals="1" coveredconditionals="0" methods="1" coveredmethods="0"/>
        <line num="1" count="0" type="cond" truecount="0" falsecount="1"/>
        <line num="2" count="0" type="stmt"/>
        <line num="3" count="0" type="stmt"/>
        <line num="4" count="0" type="stmt"/>
        <line num="5" count="0" type="stmt"/>
        <line num="6" count="0" type="stmt"/>
        <line num="7" count="0" type="stmt"/>
        <line num="8" count="0" type="stmt"/>
        <line num="9" count="0" type="stmt"/>
        <line num="10" count="0" type="stmt"/>
        <line num="11" count="0" type="stmt"/>
        <line num="12" count="0" type="stmt"/>
        <line num="13" count="0" type="stmt"/>
        <line num="14" count="0" type="stmt"/>
        <line num="15" count="0" type="stmt"/>
        <line num="16" count="0" type="stmt"/>
        <line num="17" count="0" type="stmt"/>
        <line num="18" count="0" type="stmt"/>
        <line num="19" count="0" type="stmt"/>
        <line num="20" count="0" type="stmt"/>
        <line num="21" count="0" type="stmt"/>
        <line num="22" count="0" type="stmt"/>
        <line num="23" count="0" type="stmt"/>
        <line num="24" count="0" type="stmt"/>
        <line num="25" count="0" type="stmt"/>
        <line num="26" count="0" type="stmt"/>
        <line num="27" count="0" type="stmt"/>
        <line num="28" count="0" type="stmt"/>
        <line num="29" count="0" type="stmt"/>
        <line num="30" count="0" type="stmt"/>
        <line num="31" count="0" type="stmt"/>
        <line num="32" count="0" type="stmt"/>
        <line num="33" count="0" type="stmt"/>
        <line num="34" count="0" type="stmt"/>
        <line num="35" count="0" type="stmt"/>
        <line num="36" count="0" type="stmt"/>
        <line num="37" count="0" type="stmt"/>
        <line num="38" count="0" type="stmt"/>
        <line num="39" count="0" type="stmt"/>
      </file>
      <file name="playwright.config.ts" path="/home/aurore/Documents/cda-simplon-val/021-truckbusters/truckbusters_frontend/playwright.config.ts">
        <metrics statements="42" coveredstatements="0" conditionals="1" coveredconditionals="0" methods="1" coveredmethods="0"/>
        <line num="1" count="0" type="cond" truecount="0" falsecount="1"/>
        <line num="3" count="0" type="stmt"/>
        <line num="4" count="0" type="stmt"/>
        <line num="5" count="0" type="stmt"/>
        <line num="6" count="0" type="stmt"/>
        <line num="7" count="0" type="stmt"/>
        <line num="8" count="0" type="stmt"/>
        <line num="9" count="0" type="stmt"/>
        <line num="10" count="0" type="stmt"/>
        <line num="11" count="0" type="stmt"/>
        <line num="12" count="0" type="stmt"/>
        <line num="13" count="0" type="stmt"/>
        <line num="14" count="0" type="stmt"/>
        <line num="15" count="0" type="stmt"/>
        <line num="16" count="0" type="stmt"/>
        <line num="17" count="0" type="stmt"/>
        <line num="18" count="0" type="stmt"/>
        <line num="19" count="0" type="stmt"/>
        <line num="20" count="0" type="stmt"/>
        <line num="21" count="0" type="stmt"/>
        <line num="22" count="0" type="stmt"/>
        <line num="23" count="0" type="stmt"/>
        <line num="24" count="0" type="stmt"/>
        <line num="25" count="0" type="stmt"/>
        <line num="26" count="0" type="stmt"/>
        <line num="27" count="0" type="stmt"/>
        <line num="28" count="0" type="stmt"/>
        <line num="30" count="0" type="stmt"/>
        <line num="31" count="0" type="stmt"/>
        <line num="32" count="0" type="stmt"/>
        <line num="33" count="0" type="stmt"/>
        <line num="35" count="0" type="stmt"/>
        <line num="36" count="0" type="stmt"/>
        <line num="37" count="0" type="stmt"/>
        <line num="38" count="0" type="stmt"/>
        <line num="59" count="0" type="stmt"/>
        <line num="60" count="0" type="stmt"/>
        <line num="61" count="0" type="stmt"/>
        <line num="62" count="0" type="stmt"/>
        <line num="63" count="0" type="stmt"/>
        <line num="64" count="0" type="stmt"/>
        <line num="65" count="0" type="stmt"/>
      </file>
    </package>
    <package name="truckbusters_frontend.src">
      <metrics statements="20" coveredstatements="0" conditionals="2" coveredconditionals="0" methods="2" coveredmethods="0"/>
      <file name="App.jsx" path="/home/aurore/Documents/cda-simplon-val/021-truckbusters/truckbusters_frontend/src/App.jsx">
        <metrics statements="9" coveredstatements="0" conditionals="1" coveredconditionals="0" methods="1" coveredmethods="0"/>
        <line num="1" count="0" type="cond" truecount="0" falsecount="1"/>
        <line num="2" count="0" type="stmt"/>
        <line num="4" count="0" type="stmt"/>
        <line num="6" count="0" type="stmt"/>
        <line num="7" count="0" type="stmt"/>
        <line num="8" count="0" type="stmt"/>
        <line num="9" count="0" type="stmt"/>
        <line num="11" count="0" type="stmt"/>
        <line num="13" count="0" type="stmt"/>
      </file>
      <file name="main.jsx" path="/home/aurore/Documents/cda-simplon-val/021-truckbusters/truckbusters_frontend/src/main.jsx">
        <metrics statements="11" coveredstatements="0" conditionals="1" coveredconditionals="0" methods="1" coveredmethods="0"/>
        <line num="1" count="0" type="cond" truecount="0" falsecount="1"/>
        <line num="2" count="0" type="stmt"/>
        <line num="3" count="0" type="stmt"/>
        <line num="4" count="0" type="stmt"/>
        <line num="5" count="0" type="stmt"/>
        <line num="7" count="0" type="stmt"/>
        <line num="8" count="0" type="stmt"/>
        <line num="9" count="0" type="stmt"/>
        <line num="10" count="0" type="stmt"/>
        <line num="11" count="0" type="stmt"/>
        <line num="12" count="0" type="stmt"/>
      </file>
    </package>
    <package name="truckbusters_frontend.src.components.appointment">
      <metrics statements="85" coveredstatements="82" conditionals="21" coveredconditionals="19" methods="7" coveredmethods="7"/>
      <file name="Appointment.jsx" path="/home/aurore/Documents/cda-simplon-val/021-truckbusters/truckbusters_frontend/src/components/appointment/Appointment.jsx">
        <metrics statements="85" coveredstatements="82" conditionals="21" coveredconditionals="19" methods="7" coveredmethods="7"/>
        <line num="1" count="1" type="stmt"/>
        <line num="2" count="1" type="stmt"/>
        <line num="3" count="1" type="stmt"/>
        <line num="4" count="1" type="stmt"/>
        <line num="5" count="1" type="stmt"/>
        <line num="7" count="44" type="cond" truecount="1" falsecount="0"/>
        <line num="8" count="44" type="stmt"/>
        <line num="9" count="44" type="stmt"/>
        <line num="10" count="44" type="stmt"/>
        <line num="11" count="44" type="stmt"/>
        <line num="12" count="44" type="stmt"/>
        <line num="13" count="44" type="stmt"/>
        <line num="14" count="44" type="stmt"/>
        <line num="17" count="44" type="cond" truecount="1" falsecount="0"/>
        <line num="18" count="2" type="stmt"/>
        <line num="19" count="2" type="stmt"/>
        <line num="21" count="44" type="cond" truecount="1" falsecount="0"/>
        <line num="22" count="2" type="stmt"/>
        <line num="23" count="2" type="stmt"/>
        <line num="25" count="44" type="cond" truecount="1" falsecount="0"/>
        <line num="26" count="2" type="stmt"/>
        <line num="27" count="2" type="stmt"/>
        <line num="29" count="44" type="cond" truecount="1" falsecount="0"/>
        <line num="30" count="2" type="stmt"/>
        <line num="31" count="2" type="stmt"/>
        <line num="33" count="44" type="cond" truecount="1" falsecount="0"/>
        <line num="34" count="14" type="stmt"/>
        <line num="35" count="14" type="stmt"/>
        <line num="37" count="14" type="stmt"/>
        <line num="38" count="14" type="cond" truecount="1" falsecount="0"/>
        <line num="39" count="14" type="cond" truecount="0" falsecount="1"/>
        <line num="40" count="0" type="stmt"/>
        <line num="41" count="0" type="cond" truecount="1" falsecount="0"/>
        <line num="42" count="10" type="stmt"/>
        <line num="43" count="10" type="stmt"/>
        <line num="45" count="14" type="cond" truecount="1" falsecount="0"/>
        <line num="46" count="4" type="stmt"/>
        <line num="47" count="4" type="stmt"/>
        <line num="48" count="14" type="stmt"/>
        <line num="49" count="14" type="stmt"/>
        <line num="50" count="14" type="stmt"/>
        <line num="51" count="14" type="stmt"/>
        <line num="53" count="44" type="cond" truecount="1" falsecount="0"/>
        <line num="54" count="14" type="stmt"/>
        <line num="55" count="44" type="stmt"/>
        <line num="57" count="44" type="cond" truecount="1" falsecount="0"/>
        <line num="58" count="1" type="stmt"/>
        <line num="59" count="1" type="stmt"/>
        <line num="61" count="44" type="stmt"/>
        <line num="63" count="44" type="cond" truecount="1" falsecount="0"/>
        <line num="64" count="12" type="cond" truecount="1" falsecount="0"/>
        <line num="65" count="12" type="stmt"/>
        <line num="66" count="12" type="stmt"/>
        <line num="69" count="44" type="stmt"/>
        <line num="72" count="44" type="cond" truecount="1" falsecount="0"/>
        <line num="73" count="6" type="cond" truecount="0" falsecount="1"/>
        <line num="75" count="0" type="stmt"/>
        <line num="76" count="6" type="stmt"/>
        <line num="78" count="6" type="stmt"/>
        <line num="79" count="6" type="stmt"/>
        <line num="80" count="44" type="stmt"/>
        <line num="83" count="44" type="cond" truecount="1" falsecount="0"/>
        <line num="85" count="44" type="stmt"/>
        <line num="86" count="44" type="stmt"/>
        <line num="87" count="44" type="stmt"/>
        <line num="88" count="44" type="stmt"/>
        <line num="89" count="44" type="stmt"/>
        <line num="90" count="44" type="stmt"/>
        <line num="92" count="44" type="cond" truecount="1" falsecount="0"/>
        <line num="93" count="14" type="stmt"/>
        <line num="94" count="14" type="stmt"/>
        <line num="95" count="14" type="stmt"/>
        <line num="98" count="44" type="cond" truecount="1" falsecount="0"/>
        <line num="99" count="3" type="stmt"/>
        <line num="100" count="3" type="stmt"/>
        <line num="101" count="3" type="stmt"/>
        <line num="102" count="3" type="stmt"/>
        <line num="105" count="44" type="cond" truecount="2" falsecount="0"/>
        <line num="106" count="27" type="stmt"/>
        <line num="107" count="27" type="stmt"/>
        <line num="108" count="27" type="stmt"/>
        <line num="109" count="27" type="stmt"/>
        <line num="112" count="44" type="stmt"/>
        <line num="114" count="44" type="stmt"/>
        <line num="116" count="1" type="stmt"/>
      </file>
    </package>
    <package name="truckbusters_frontend.src.components.appointment.calendar">
      <metrics statements="89" coveredstatements="75" conditionals="24" coveredconditionals="21" methods="6" coveredmethods="4"/>
      <file name="Calendar.jsx" path="/home/aurore/Documents/cda-simplon-val/021-truckbusters/truckbusters_frontend/src/components/appointment/calendar/Calendar.jsx">
        <metrics statements="89" coveredstatements="75" conditionals="24" coveredconditionals="21" methods="6" coveredmethods="4"/>
        <line num="1" count="1" type="stmt"/>
        <line num="2" count="1" type="stmt"/>
        <line num="3" count="1" type="stmt"/>
        <line num="4" count="1" type="stmt"/>
        <line num="5" count="1" type="stmt"/>
        <line num="6" count="1" type="stmt"/>
        <line num="7" count="1" type="stmt"/>
        <line num="8" count="1" type="stmt"/>
        <line num="10" count="1" type="stmt"/>
        <line num="11" count="1" type="stmt"/>
        <line num="12" count="1" type="stmt"/>
        <line num="13" count="1" type="stmt"/>
        <line num="16" count="1" type="stmt"/>
        <line num="18" count="1" type="cond" truecount="1" falsecount="0"/>
        <line num="19" count="37" type="stmt"/>
        <line num="21" count="37" type="stmt"/>
        <line num="23" count="37" type="stmt"/>
        <line num="24" count="37" type="stmt"/>
        <line num="26" count="37" type="stmt"/>
        <line num="29" count="37" type="stmt"/>
        <line num="32" count="37" type="stmt"/>
        <line num="35" count="37" type="stmt"/>
        <line num="38" count="37" type="stmt"/>
        <line num="41" count="37" type="stmt"/>
        <line num="43" count="37" type="cond" truecount="1" falsecount="0"/>
        <line num="44" count="3" type="stmt"/>
        <line num="45" count="3" type="stmt"/>
        <line num="46" count="3" type="stmt"/>
        <line num="48" count="37" type="stmt"/>
        <line num="49" count="37" type="cond" truecount="2" falsecount="0"/>
        <line num="50" count="37" type="cond" truecount="1" falsecount="0"/>
        <line num="51" count="37" type="stmt"/>
        <line num="52" count="37" type="stmt"/>
        <line num="53" count="37" type="stmt"/>
        <line num="54" count="37" type="stmt"/>
        <line num="55" count="37" type="cond" truecount="0" falsecount="1"/>
        <line num="56" count="37" type="stmt"/>
        <line num="58" count="37" type="cond" truecount="0" falsecount="1"/>
        <line num="59" count="37" type="stmt"/>
        <line num="60" count="37" type="stmt"/>
        <line num="61" count="37" type="stmt"/>
        <line num="62" count="37" type="stmt"/>
        <line num="63" count="37" type="stmt"/>
        <line num="64" count="37" type="stmt"/>
        <line num="65" count="37" type="stmt"/>
        <line num="66" count="37" type="stmt"/>
        <line num="67" count="37" type="stmt"/>
        <line num="68" count="37" type="cond" truecount="1" falsecount="0"/>
        <line num="69" count="1554" type="stmt"/>
        <line num="70" count="1554" type="cond" truecount="1" falsecount="0"/>
        <line num="71" count="222" type="stmt"/>
        <line num="72" count="222" type="stmt"/>
        <line num="74" count="1554" type="stmt"/>
        <line num="75" count="0" type="stmt"/>
        <line num="76" count="0" type="stmt"/>
        <line num="77" count="0" type="stmt"/>
        <line num="78" count="1554" type="stmt"/>
        <line num="80" count="1554" type="cond" truecount="0" falsecount="1"/>
        <line num="81" count="0" type="stmt"/>
        <line num="82" count="0" type="stmt"/>
        <line num="83" count="0" type="stmt"/>
        <line num="84" count="0" type="stmt"/>
        <line num="86" count="0" type="stmt"/>
        <line num="87" count="0" type="stmt"/>
        <line num="88" count="0" type="stmt"/>
        <line num="89" count="0" type="stmt"/>
        <line num="91" count="0" type="stmt"/>
        <line num="92" count="0" type="stmt"/>
        <line num="95" count="0" type="stmt"/>
        <line num="97" count="1554" type="stmt"/>
        <line num="98" count="1554" type="cond" truecount="2" falsecount="0"/>
        <line num="99" count="1554" type="cond" truecount="2" falsecount="0"/>
        <line num="100" count="1554" type="cond" truecount="5" falsecount="0"/>
        <line num="101" count="1554" type="cond" truecount="1" falsecount="0"/>
        <line num="102" count="1554" type="stmt"/>
        <line num="103" count="1554" type="stmt"/>
        <line num="104" count="1554" type="cond" truecount="2" falsecount="0"/>
        <line num="105" count="1554" type="stmt"/>
        <line num="106" count="1554" type="stmt"/>
        <line num="107" count="1554" type="cond" truecount="2" falsecount="0"/>
        <line num="109" count="1332" type="stmt"/>
        <line num="111" count="1554" type="stmt"/>
        <line num="112" count="1554" type="stmt"/>
        <line num="114" count="37" type="stmt"/>
        <line num="115" count="37" type="stmt"/>
        <line num="116" count="37" type="stmt"/>
        <line num="117" count="37" type="stmt"/>
        <line num="119" count="37" type="stmt"/>
        <line num="121" count="1" type="stmt"/>
      </file>
    </package>
    <package name="truckbusters_frontend.src.components.appointment.error-modal">
      <metrics statements="16" coveredstatements="16" conditionals="2" coveredconditionals="1" methods="1" coveredmethods="1"/>
      <file name="ErrorModal.jsx" path="/home/aurore/Documents/cda-simplon-val/021-truckbusters/truckbusters_frontend/src/components/appointment/error-modal/ErrorModal.jsx">
        <metrics statements="16" coveredstatements="16" conditionals="2" coveredconditionals="1" methods="1" coveredmethods="1"/>
        <line num="1" count="1" type="stmt"/>
        <line num="3" count="1" type="cond" truecount="1" falsecount="0"/>
        <line num="4" count="4" type="cond" truecount="0" falsecount="1"/>
        <line num="6" count="4" type="stmt"/>
        <line num="7" count="4" type="stmt"/>
        <line num="8" count="4" type="stmt"/>
        <line num="9" count="4" type="stmt"/>
        <line num="10" count="4" type="stmt"/>
        <line num="11" count="4" type="stmt"/>
        <line num="12" count="4" type="stmt"/>
        <line num="14" count="4" type="stmt"/>
        <line num="15" count="4" type="stmt"/>
        <line num="16" count="4" type="stmt"/>
        <line num="17" count="4" type="stmt"/>
        <line num="19" count="4" type="stmt"/>
        <line num="21" count="1" type="stmt"/>
      </file>
    </package>
    <package name="truckbusters_frontend.src.components.appointment.form">
      <metrics statements="305" coveredstatements="267" conditionals="34" coveredconditionals="30" methods="6" coveredmethods="5"/>
      <file name="Form.jsx" path="/home/aurore/Documents/cda-simplon-val/021-truckbusters/truckbusters_frontend/src/components/appointment/form/Form.jsx">
        <metrics statements="305" coveredstatements="267" conditionals="34" coveredconditionals="30" methods="6" coveredmethods="5"/>
        <line num="1" count="1" type="stmt"/>
        <line num="2" count="1" type="stmt"/>
        <line num="5" count="1" type="cond" truecount="1" falsecount="0"/>
        <line num="6" count="57" type="stmt"/>
        <line num="8" count="57" type="stmt"/>
        <line num="10" count="57" type="stmt"/>
        <line num="11" count="57" type="stmt"/>
        <line num="12" count="57" type="stmt"/>
        <line num="13" count="57" type="stmt"/>
        <line num="14" count="57" type="stmt"/>
        <line num="15" count="57" type="stmt"/>
        <line num="16" count="57" type="stmt"/>
        <line num="18" count="57" type="stmt"/>
        <line num="20" count="57" type="stmt"/>
        <line num="22" count="57" type="stmt"/>
        <line num="23" count="57" type="stmt"/>
        <line num="24" count="57" type="stmt"/>
        <line num="25" count="57" type="stmt"/>
        <line num="26" count="57" type="stmt"/>
        <line num="27" count="57" type="stmt"/>
        <line num="28" count="57" type="stmt"/>
        <line num="29" count="57" type="stmt"/>
        <line num="30" count="57" type="stmt"/>
        <line num="31" count="57" type="stmt"/>
        <line num="32" count="57" type="stmt"/>
        <line num="33" count="57" type="stmt"/>
        <line num="34" count="57" type="stmt"/>
        <line num="35" count="57" type="stmt"/>
        <line num="36" count="57" type="stmt"/>
        <line num="37" count="57" type="stmt"/>
        <line num="38" count="57" type="stmt"/>
        <line num="39" count="57" type="stmt"/>
        <line num="40" count="57" type="stmt"/>
        <line num="41" count="57" type="stmt"/>
        <line num="42" count="57" type="stmt"/>
        <line num="43" count="57" type="stmt"/>
        <line num="44" count="57" type="stmt"/>
        <line num="45" count="57" type="stmt"/>
        <line num="46" count="57" type="stmt"/>
        <line num="47" count="57" type="stmt"/>
        <line num="48" count="57" type="stmt"/>
        <line num="49" count="57" type="stmt"/>
        <line num="50" count="57" type="stmt"/>
        <line num="51" count="57" type="stmt"/>
        <line num="52" count="57" type="stmt"/>
        <line num="53" count="57" type="stmt"/>
        <line num="54" count="57" type="stmt"/>
        <line num="55" count="57" type="stmt"/>
        <line num="56" count="57" type="stmt"/>
        <line num="57" count="57" type="stmt"/>
        <line num="58" count="57" type="stmt"/>
        <line num="59" count="57" type="stmt"/>
        <line num="60" count="57" type="stmt"/>
        <line num="61" count="57" type="stmt"/>
        <line num="62" count="57" type="stmt"/>
        <line num="63" count="57" type="stmt"/>
        <line num="64" count="57" type="stmt"/>
        <line num="65" count="57" type="stmt"/>
        <line num="66" count="57" type="stmt"/>
        <line num="67" count="57" type="stmt"/>
        <line num="68" count="57" type="stmt"/>
        <line num="70" count="57" type="cond" truecount="1" falsecount="0"/>
        <line num="71" count="90" type="stmt"/>
        <line num="72" count="90" type="cond" truecount="0" falsecount="1"/>
        <line num="74" count="90" type="cond" truecount="1" falsecount="0"/>
        <line num="75" count="8" type="stmt"/>
        <line num="76" count="8" type="cond" truecount="1" falsecount="0"/>
        <line num="78" count="90" type="cond" truecount="2" falsecount="0"/>
        <line num="79" count="2" type="stmt"/>
        <line num="80" count="2" type="cond" truecount="1" falsecount="0"/>
        <line num="81" count="80" type="stmt"/>
        <line num="82" count="90" type="stmt"/>
        <line num="84" count="57" type="cond" truecount="1" falsecount="0"/>
        <line num="85" count="57" type="stmt"/>
        <line num="87" count="57" type="cond" truecount="1" falsecount="0"/>
        <line num="89" count="2" type="cond" truecount="1" falsecount="0"/>
        <line num="90" count="2" type="stmt"/>
        <line num="91" count="2" type="stmt"/>
        <line num="92" count="2" type="stmt"/>
        <line num="93" count="2" type="stmt"/>
        <line num="94" count="2" type="stmt"/>
        <line num="95" count="2" type="stmt"/>
        <line num="96" count="2" type="stmt"/>
        <line num="97" count="57" type="stmt"/>
        <line num="99" count="57" type="cond" truecount="1" falsecount="0"/>
        <line num="100" count="10" type="stmt"/>
        <line num="102" count="10" type="stmt"/>
        <line num="103" count="10" type="cond" truecount="1" falsecount="0"/>
        <line num="104" count="10" type="cond" truecount="1" falsecount="0"/>
        <line num="105" count="10" type="cond" truecount="1" falsecount="0"/>
        <line num="106" count="10" type="cond" truecount="1" falsecount="0"/>
        <line num="107" count="10" type="cond" truecount="1" falsecount="0"/>
        <line num="108" count="10" type="stmt"/>
        <line num="109" count="10" type="cond" truecount="1" falsecount="0"/>
        <line num="110" count="10" type="cond" truecount="1" falsecount="0"/>
        <line num="111" count="10" type="cond" truecount="1" falsecount="0"/>
        <line num="112" count="10" type="stmt"/>
        <line num="114" count="10" type="cond" truecount="1" falsecount="0"/>
        <line num="115" count="90" type="stmt"/>
        <line num="116" count="90" type="cond" truecount="1" falsecount="0"/>
        <line num="117" count="10" type="stmt"/>
        <line num="118" count="10" type="stmt"/>
        <line num="119" count="10" type="stmt"/>
        <line num="121" count="10" type="stmt"/>
        <line num="122" count="10" type="stmt"/>
        <line num="123" count="10" type="stmt"/>
        <line num="125" count="57" type="cond" truecount="1" falsecount="0"/>
        <line num="127" count="10" type="stmt"/>
        <line num="129" count="10" type="stmt"/>
        <line num="130" count="10" type="stmt"/>
        <line num="131" count="10" type="stmt"/>
        <line num="132" count="10" type="cond" truecount="0" falsecount="1"/>
        <line num="134" count="0" type="stmt"/>
        <line num="135" count="0" type="stmt"/>
        <line num="136" count="0" type="stmt"/>
        <line num="137" count="0" type="stmt"/>
        <line num="138" count="0" type="stmt"/>
        <line num="139" count="0" type="stmt"/>
        <line num="140" count="0" type="stmt"/>
        <line num="141" count="0" type="stmt"/>
        <line num="142" count="0" type="stmt"/>
        <line num="143" count="0" type="stmt"/>
        <line num="144" count="0" type="stmt"/>
        <line num="145" count="0" type="stmt"/>
        <line num="146" count="0" type="stmt"/>
        <line num="147" count="0" type="stmt"/>
        <line num="148" count="0" type="stmt"/>
        <line num="149" count="0" type="stmt"/>
        <line num="150" count="0" type="stmt"/>
        <line num="151" count="0" type="stmt"/>
        <line num="152" count="0" type="stmt"/>
        <line num="153" count="0" type="stmt"/>
        <line num="154" count="0" type="stmt"/>
        <line num="155" count="0" type="stmt"/>
        <line num="156" count="0" type="stmt"/>
        <line num="157" count="0" type="stmt"/>
        <line num="158" count="0" type="stmt"/>
        <line num="160" count="0" type="stmt"/>
        <line num="161" count="0" type="stmt"/>
        <line num="162" count="0" type="stmt"/>
        <line num="163" count="0" type="stmt"/>
        <line num="164" count="0" type="stmt"/>
        <line num="165" count="0" type="stmt"/>
        <line num="167" count="10" type="cond" truecount="0" falsecount="1"/>
        <line num="168" count="0" type="stmt"/>
        <line num="169" count="0" type="stmt"/>
        <line num="170" count="10" type="stmt"/>
        <line num="172" count="57" type="cond" truecount="1" falsecount="0"/>
        <line num="173" count="36" type="cond" truecount="1" falsecount="0"/>
        <line num="174" count="36" type="stmt"/>
        <line num="175" count="36" type="cond" truecount="2" falsecount="0"/>
        <line num="176" count="25" type="cond" truecount="0" falsecount="1"/>
        <line num="177" count="0" type="stmt"/>
        <line num="178" count="0" type="cond" truecount="1" falsecount="0"/>
        <line num="179" count="20" type="stmt"/>
        <line num="180" count="20" type="stmt"/>
        <line num="182" count="20" type="stmt"/>
        <line num="183" count="25" type="cond" truecount="1" falsecount="0"/>
        <line num="184" count="5" type="stmt"/>
        <line num="185" count="5" type="stmt"/>
        <line num="186" count="36" type="stmt"/>
        <line num="188" count="36" type="stmt"/>
        <line num="189" count="57" type="stmt"/>
        <line num="191" count="57" type="stmt"/>
        <line num="192" count="57" type="cond" truecount="2" falsecount="0"/>
        <line num="193" count="57" type="stmt"/>
        <line num="194" count="57" type="stmt"/>
        <line num="195" count="57" type="stmt"/>
        <line num="196" count="57" type="stmt"/>
        <line num="197" count="57" type="stmt"/>
        <line num="198" count="57" type="stmt"/>
        <line num="199" count="0" type="stmt"/>
        <line num="200" count="0" type="stmt"/>
        <line num="201" count="0" type="stmt"/>
        <line num="204" count="57" type="stmt"/>
        <line num="205" count="57" type="stmt"/>
        <line num="206" count="57" type="stmt"/>
        <line num="207" count="57" type="stmt"/>
        <line num="208" count="57" type="stmt"/>
        <line num="209" count="57" type="stmt"/>
        <line num="210" count="57" type="stmt"/>
        <line num="211" count="57" type="stmt"/>
        <line num="212" count="57" type="stmt"/>
        <line num="213" count="57" type="stmt"/>
        <line num="214" count="57" type="stmt"/>
        <line num="215" count="57" type="stmt"/>
        <line num="216" count="57" type="stmt"/>
        <line num="217" count="57" type="stmt"/>
        <line num="218" count="57" type="stmt"/>
        <line num="219" count="57" type="stmt"/>
        <line num="220" count="57" type="stmt"/>
        <line num="221" count="57" type="stmt"/>
        <line num="222" count="57" type="stmt"/>
        <line num="223" count="57" type="stmt"/>
        <line num="224" count="57" type="stmt"/>
        <line num="225" count="57" type="stmt"/>
        <line num="226" count="57" type="stmt"/>
        <line num="227" count="57" type="stmt"/>
        <line num="228" count="57" type="stmt"/>
        <line num="229" count="57" type="stmt"/>
        <line num="230" count="57" type="stmt"/>
        <line num="231" count="57" type="stmt"/>
        <line num="232" count="57" type="stmt"/>
        <line num="233" count="57" type="stmt"/>
        <line num="234" count="57" type="stmt"/>
        <line num="235" count="57" type="stmt"/>
        <line num="236" count="57" type="stmt"/>
        <line num="237" count="57" type="stmt"/>
        <line num="238" count="57" type="stmt"/>
        <line num="239" count="57" type="stmt"/>
        <line num="240" count="57" type="stmt"/>
        <line num="241" count="57" type="stmt"/>
        <line num="242" count="57" type="stmt"/>
        <line num="243" count="57" type="stmt"/>
        <line num="244" count="57" type="stmt"/>
        <line num="245" count="57" type="stmt"/>
        <line num="246" count="57" type="stmt"/>
        <line num="247" count="57" type="stmt"/>
        <line num="248" count="57" type="stmt"/>
        <line num="249" count="57" type="stmt"/>
        <line num="250" count="57" type="stmt"/>
        <line num="251" count="57" type="stmt"/>
        <line num="252" count="57" type="stmt"/>
        <line num="253" count="57" type="stmt"/>
        <line num="254" count="57" type="stmt"/>
        <line num="255" count="57" type="stmt"/>
        <line num="256" count="57" type="stmt"/>
        <line num="257" count="57" type="stmt"/>
        <line num="258" count="57" type="stmt"/>
        <line num="259" count="57" type="stmt"/>
        <line num="260" count="57" type="stmt"/>
        <line num="261" count="57" type="stmt"/>
        <line num="262" count="57" type="stmt"/>
        <line num="263" count="57" type="stmt"/>
        <line num="264" count="57" type="stmt"/>
        <line num="265" count="57" type="stmt"/>
        <line num="266" count="57" type="stmt"/>
        <line num="267" count="57" type="stmt"/>
        <line num="268" count="57" type="stmt"/>
        <line num="269" count="57" type="stmt"/>
        <line num="270" count="57" type="stmt"/>
        <line num="271" count="57" type="stmt"/>
        <line num="272" count="57" type="stmt"/>
        <line num="273" count="57" type="stmt"/>
        <line num="274" count="57" type="stmt"/>
        <line num="275" count="57" type="stmt"/>
        <line num="276" count="57" type="stmt"/>
        <line num="277" count="57" type="stmt"/>
        <line num="278" count="57" type="stmt"/>
        <line num="279" count="57" type="stmt"/>
        <line num="280" count="57" type="stmt"/>
        <line num="281" count="57" type="stmt"/>
        <line num="282" count="57" type="stmt"/>
        <line num="283" count="57" type="stmt"/>
        <line num="284" count="57" type="stmt"/>
        <line num="285" count="57" type="stmt"/>
        <line num="286" count="57" type="stmt"/>
        <line num="287" count="57" type="stmt"/>
        <line num="288" count="57" type="stmt"/>
        <line num="289" count="57" type="stmt"/>
        <line num="290" count="57" type="stmt"/>
        <line num="291" count="57" type="stmt"/>
        <line num="292" count="57" type="stmt"/>
        <line num="293" count="57" type="stmt"/>
        <line num="294" count="57" type="stmt"/>
        <line num="295" count="57" type="stmt"/>
        <line num="296" count="57" type="stmt"/>
        <line num="297" count="57" type="stmt"/>
        <line num="298" count="57" type="stmt"/>
        <line num="299" count="57" type="stmt"/>
        <line num="300" count="57" type="stmt"/>
        <line num="301" count="57" type="stmt"/>
        <line num="302" count="57" type="stmt"/>
        <line num="303" count="57" type="stmt"/>
        <line num="304" count="57" type="stmt"/>
        <line num="305" count="57" type="stmt"/>
        <line num="306" count="57" type="stmt"/>
        <line num="307" count="57" type="stmt"/>
        <line num="308" count="57" type="stmt"/>
        <line num="309" count="57" type="stmt"/>
        <line num="310" count="57" type="stmt"/>
        <line num="311" count="57" type="stmt"/>
        <line num="312" count="57" type="stmt"/>
        <line num="313" count="57" type="stmt"/>
        <line num="314" count="57" type="stmt"/>
        <line num="315" count="57" type="stmt"/>
        <line num="316" count="57" type="stmt"/>
        <line num="317" count="57" type="stmt"/>
        <line num="318" count="57" type="stmt"/>
        <line num="319" count="57" type="stmt"/>
        <line num="320" count="57" type="stmt"/>
        <line num="321" count="57" type="stmt"/>
        <line num="322" count="57" type="stmt"/>
        <line num="323" count="57" type="stmt"/>
        <line num="324" count="57" type="stmt"/>
        <line num="326" count="57" type="stmt"/>
        <line num="327" count="57" type="stmt"/>
        <line num="328" count="57" type="stmt"/>
        <line num="329" count="57" type="stmt"/>
        <line num="330" count="57" type="stmt"/>
        <line num="331" count="57" type="stmt"/>
        <line num="332" count="57" type="stmt"/>
        <line num="333" count="57" type="stmt"/>
        <line num="335" count="57" type="stmt"/>
        <line num="337" count="1" type="stmt"/>
      </file>
    </package>
    <package name="truckbusters_frontend.src.components.appointment.modal">
      <metrics statements="53" coveredstatements="49" conditionals="8" coveredconditionals="7" methods="3" coveredmethods="3"/>
      <file name="Modal.jsx" path="/home/aurore/Documents/cda-simplon-val/021-truckbusters/truckbusters_frontend/src/components/appointment/modal/Modal.jsx">
        <metrics statements="53" coveredstatements="49" conditionals="8" coveredconditionals="7" methods="3" coveredmethods="3"/>
        <line num="1" count="1" type="stmt"/>
        <line num="3" count="1" type="cond" truecount="1" falsecount="0"/>
        <line num="4" count="33" type="stmt"/>
        <line num="6" count="33" type="stmt"/>
        <line num="9" count="33" type="cond" truecount="0" falsecount="1"/>
        <line num="10" count="0" type="stmt"/>
        <line num="11" count="0" type="stmt"/>
        <line num="12" count="0" type="stmt"/>
        <line num="13" count="0" type="stmt"/>
        <line num="14" count="33" type="stmt"/>
        <line num="15" count="33" type="stmt"/>
        <line num="16" count="33" type="stmt"/>
        <line num="17" count="33" type="stmt"/>
        <line num="18" count="33" type="stmt"/>
        <line num="19" count="33" type="stmt"/>
        <line num="20" count="33" type="stmt"/>
        <line num="21" count="33" type="stmt"/>
        <line num="22" count="33" type="stmt"/>
        <line num="24" count="33" type="stmt"/>
        <line num="25" count="33" type="stmt"/>
        <line num="26" count="33" type="cond" truecount="2" falsecount="0"/>
        <line num="27" count="33" type="stmt"/>
        <line num="28" count="33" type="cond" truecount="1" falsecount="0"/>
        <line num="29" count="33" type="stmt"/>
        <line num="30" count="33" type="stmt"/>
        <line num="31" count="33" type="stmt"/>
        <line num="32" count="33" type="stmt"/>
        <line num="33" count="33" type="stmt"/>
        <line num="34" count="33" type="stmt"/>
        <line num="35" count="33" type="stmt"/>
        <line num="36" count="33" type="stmt"/>
        <line num="37" count="33" type="cond" truecount="1" falsecount="0"/>
        <line num="38" count="33" type="cond" truecount="1" falsecount="0"/>
        <line num="39" count="165" type="stmt"/>
        <line num="40" count="165" type="stmt"/>
        <line num="41" count="165" type="stmt"/>
        <line num="42" count="165" type="stmt"/>
        <line num="43" count="165" type="cond" truecount="1" falsecount="0"/>
        <line num="44" count="2" type="stmt"/>
        <line num="45" count="2" type="stmt"/>
        <line num="46" count="2" type="stmt"/>
        <line num="47" count="2" type="stmt"/>
        <line num="48" count="2" type="stmt"/>
        <line num="49" count="2" type="stmt"/>
        <line num="51" count="165" type="stmt"/>
        <line num="52" count="165" type="stmt"/>
        <line num="53" count="33" type="stmt"/>
        <line num="54" count="33" type="stmt"/>
        <line num="55" count="33" type="stmt"/>
        <line num="56" count="33" type="stmt"/>
        <line num="57" count="33" type="stmt"/>
        <line num="59" count="33" type="stmt"/>
        <line num="61" count="1" type="stmt"/>
      </file>
    </package>
    <package name="truckbusters_frontend.src.components.header">
      <metrics statements="28" coveredstatements="28" conditionals="1" coveredconditionals="1" methods="1" coveredmethods="1"/>
      <file name="Header.jsx" path="/home/aurore/Documents/cda-simplon-val/021-truckbusters/truckbusters_frontend/src/components/header/Header.jsx">
        <metrics statements="28" coveredstatements="28" conditionals="1" coveredconditionals="1" methods="1" coveredmethods="1"/>
        <line num="1" count="1" type="stmt"/>
        <line num="2" count="1" type="stmt"/>
        <line num="4" count="1" type="cond" truecount="1" falsecount="0"/>
        <line num="6" count="2" type="stmt"/>
        <line num="7" count="2" type="stmt"/>
        <line num="8" count="2" type="stmt"/>
        <line num="9" count="2" type="stmt"/>
        <line num="10" count="2" type="stmt"/>
        <line num="11" count="2" type="stmt"/>
        <line num="12" count="2" type="stmt"/>
        <line num="13" count="2" type="stmt"/>
        <line num="14" count="2" type="stmt"/>
        <line num="15" count="2" type="stmt"/>
        <line num="16" count="2" type="stmt"/>
        <line num="17" count="2" type="stmt"/>
        <line num="18" count="2" type="stmt"/>
        <line num="19" count="2" type="stmt"/>
        <line num="20" count="2" type="stmt"/>
        <line num="21" count="2" type="stmt"/>
        <line num="22" count="2" type="stmt"/>
        <line num="23" count="2" type="stmt"/>
        <line num="24" count="2" type="stmt"/>
        <line num="25" count="2" type="stmt"/>
        <line num="26" count="2" type="stmt"/>
        <line num="27" count="2" type="stmt"/>
        <line num="28" count="2" type="stmt"/>
        <line num="30" count="2" type="stmt"/>
        <line num="32" count="1" type="stmt"/>
      </file>
    </package>
  </project>
</coverage>
