<?xml version="1.0" encoding="UTF-8"?>
<coverage generated="1750858802540" clover="3.2.0">
  <project timestamp="1750858802540" name="All files">
    <metrics statements="632" coveredstatements="485" conditionals="79" coveredconditionals="64" methods="27" coveredmethods="13" elements="738" coveredelements="562" complexity="0" loc="632" ncloc="632" packages="8" files="9" classes="9"/>
    <package name="truckbusters_frontend">
      <metrics statements="39" coveredstatements="0" conditionals="1" coveredconditionals="0" methods="1" coveredmethods="0"/>
      <file name=" eslint.config.js" path="/home/aurore/Documents/cda-simplon-val/021-truckbusters/truckbusters_frontend/ eslint.config.js">
        <metrics statements="39" coveredstatements="0" conditionals="1" coveredconditionals="0" methods="1" coveredmethods="0"/>
        <line num="1" count="0" type="cond" truecount="0" falsecount="1"/>
        <line num="2" count="0" type="stmt"/>
        <line num="3" count="0" type="stmt"/>
        <line num="4" count="0" type="stmt"/>
        <line num="5" count="0" type="stmt"/>
        <line num="6" count="0" type="stmt"/>
        <line num="7" count="0" type="stmt"/>
        <line num="8" count="0" type="stmt"/>
        <line num="9" count="0" type="stmt"/>
        <line num="10" count="0" type="stmt"/>
        <line num="11" count="0" type="stmt"/>
        <line num="12" count="0" type="stmt"/>
        <line num="13" count="0" type="stmt"/>
        <line num="14" count="0" type="stmt"/>
        <line num="15" count="0" type="stmt"/>
        <line num="16" count="0" type="stmt"/>
        <line num="17" count="0" type="stmt"/>
        <line num="18" count="0" type="stmt"/>
        <line num="19" count="0" type="stmt"/>
        <line num="20" count="0" type="stmt"/>
        <line num="21" count="0" type="stmt"/>
        <line num="22" count="0" type="stmt"/>
        <line num="23" count="0" type="stmt"/>
        <line num="24" count="0" type="stmt"/>
        <line num="25" count="0" type="stmt"/>
        <line num="26" count="0" type="stmt"/>
        <line num="27" count="0" type="stmt"/>
        <line num="28" count="0" type="stmt"/>
        <line num="29" count="0" type="stmt"/>
        <line num="30" count="0" type="stmt"/>
        <line num="31" count="0" type="stmt"/>
        <line num="32" count="0" type="stmt"/>
        <line num="33" count="0" type="stmt"/>
        <line num="34" count="0" type="stmt"/>
        <line num="35" count="0" type="stmt"/>
        <line num="36" count="0" type="stmt"/>
        <line num="37" count="0" type="stmt"/>
        <line num="38" count="0" type="stmt"/>
        <line num="39" count="0" type="stmt"/>
      </file>
    </package>
    <package name="truckbusters_frontend.src">
      <metrics statements="20" coveredstatements="0" conditionals="2" coveredconditionals="0" methods="2" coveredmethods="0"/>
      <file name="App.jsx" path="/home/aurore/Documents/cda-simplon-val/021-truckbusters/truckbusters_frontend/src/App.jsx">
        <metrics statements="9" coveredstatements="0" conditionals="1" coveredconditionals="0" methods="1" coveredmethods="0"/>
        <line num="1" count="0" type="cond" truecount="0" falsecount="1"/>
        <line num="2" count="0" type="stmt"/>
        <line num="4" count="0" type="stmt"/>
        <line num="6" count="0" type="stmt"/>
        <line num="7" count="0" type="stmt"/>
        <line num="8" count="0" type="stmt"/>
        <line num="9" count="0" type="stmt"/>
        <line num="11" count="0" type="stmt"/>
        <line num="13" count="0" type="stmt"/>
      </file>
      <file name="main.jsx" path="/home/aurore/Documents/cda-simplon-val/021-truckbusters/truckbusters_frontend/src/main.jsx">
        <metrics statements="11" coveredstatements="0" conditionals="1" coveredconditionals="0" methods="1" coveredmethods="0"/>
        <line num="1" count="0" type="cond" truecount="0" falsecount="1"/>
        <line num="2" count="0" type="stmt"/>
        <line num="3" count="0" type="stmt"/>
        <line num="4" count="0" type="stmt"/>
        <line num="5" count="0" type="stmt"/>
        <line num="7" count="0" type="stmt"/>
        <line num="8" count="0" type="stmt"/>
        <line num="9" count="0" type="stmt"/>
        <line num="10" count="0" type="stmt"/>
        <line num="11" count="0" type="stmt"/>
        <line num="12" count="0" type="stmt"/>
      </file>
    </package>
    <package name="truckbusters_frontend.src.components.appointment">
      <metrics statements="85" coveredstatements="70" conditionals="13" coveredconditionals="12" methods="7" coveredmethods="3"/>
      <file name="Appointment.jsx" path="/home/aurore/Documents/cda-simplon-val/021-truckbusters/truckbusters_frontend/src/components/appointment/Appointment.jsx">
        <metrics statements="85" coveredstatements="70" conditionals="13" coveredconditionals="12" methods="7" coveredmethods="3"/>
        <line num="1" count="1" type="stmt"/>
        <line num="2" count="1" type="stmt"/>
        <line num="3" count="1" type="stmt"/>
        <line num="4" count="1" type="stmt"/>
        <line num="5" count="1" type="stmt"/>
        <line num="7" count="33" type="cond" truecount="1" falsecount="0"/>
        <line num="8" count="33" type="stmt"/>
        <line num="9" count="33" type="stmt"/>
        <line num="10" count="33" type="stmt"/>
        <line num="11" count="33" type="stmt"/>
        <line num="12" count="33" type="stmt"/>
        <line num="13" count="33" type="stmt"/>
        <line num="14" count="33" type="stmt"/>
        <line num="17" count="33" type="stmt"/>
        <line num="18" count="0" type="stmt"/>
        <line num="19" count="0" type="stmt"/>
        <line num="21" count="33" type="stmt"/>
        <line num="22" count="0" type="stmt"/>
        <line num="23" count="0" type="stmt"/>
        <line num="25" count="33" type="stmt"/>
        <line num="26" count="0" type="stmt"/>
        <line num="27" count="0" type="stmt"/>
        <line num="29" count="33" type="stmt"/>
        <line num="30" count="0" type="stmt"/>
        <line num="31" count="0" type="stmt"/>
        <line num="33" count="33" type="cond" truecount="1" falsecount="0"/>
        <line num="34" count="11" type="stmt"/>
        <line num="35" count="11" type="stmt"/>
        <line num="37" count="11" type="stmt"/>
        <line num="38" count="11" type="cond" truecount="1" falsecount="0"/>
        <line num="39" count="11" type="cond" truecount="0" falsecount="1"/>
        <line num="40" count="0" type="stmt"/>
        <line num="41" count="0" type="cond" truecount="1" falsecount="0"/>
        <line num="42" count="7" type="stmt"/>
        <line num="43" count="7" type="stmt"/>
        <line num="45" count="11" type="cond" truecount="1" falsecount="0"/>
        <line num="46" count="4" type="stmt"/>
        <line num="47" count="4" type="stmt"/>
        <line num="48" count="11" type="stmt"/>
        <line num="49" count="11" type="stmt"/>
        <line num="50" count="11" type="stmt"/>
        <line num="51" count="11" type="stmt"/>
        <line num="53" count="33" type="cond" truecount="1" falsecount="0"/>
        <line num="54" count="11" type="stmt"/>
        <line num="55" count="33" type="stmt"/>
        <line num="57" count="33" type="cond" truecount="1" falsecount="0"/>
        <line num="58" count="1" type="stmt"/>
        <line num="59" count="1" type="stmt"/>
        <line num="61" count="33" type="stmt"/>
        <line num="63" count="33" type="cond" truecount="1" falsecount="0"/>
        <line num="64" count="7" type="stmt"/>
        <line num="65" count="7" type="stmt"/>
        <line num="66" count="7" type="stmt"/>
        <line num="69" count="33" type="stmt"/>
        <line num="72" count="33" type="stmt"/>
        <line num="73" count="0" type="stmt"/>
        <line num="75" count="0" type="stmt"/>
        <line num="76" count="0" type="stmt"/>
        <line num="78" count="0" type="stmt"/>
        <line num="79" count="0" type="stmt"/>
        <line num="80" count="33" type="stmt"/>
        <line num="83" count="33" type="stmt"/>
        <line num="85" count="33" type="stmt"/>
        <line num="86" count="33" type="stmt"/>
        <line num="87" count="33" type="stmt"/>
        <line num="88" count="33" type="stmt"/>
        <line num="89" count="33" type="stmt"/>
        <line num="90" count="33" type="stmt"/>
        <line num="92" count="33" type="cond" truecount="1" falsecount="0"/>
        <line num="93" count="11" type="stmt"/>
        <line num="94" count="11" type="stmt"/>
        <line num="95" count="11" type="stmt"/>
        <line num="98" count="33" type="cond" truecount="1" falsecount="0"/>
        <line num="99" count="3" type="stmt"/>
        <line num="100" count="3" type="stmt"/>
        <line num="101" count="3" type="stmt"/>
        <line num="102" count="3" type="stmt"/>
        <line num="105" count="33" type="cond" truecount="2" falsecount="0"/>
        <line num="106" count="19" type="stmt"/>
        <line num="107" count="19" type="stmt"/>
        <line num="108" count="19" type="stmt"/>
        <line num="109" count="19" type="stmt"/>
        <line num="112" count="33" type="stmt"/>
        <line num="114" count="33" type="stmt"/>
        <line num="116" count="1" type="stmt"/>
      </file>
    </package>
    <package name="truckbusters_frontend.src.components.appointment.calendar">
      <metrics statements="88" coveredstatements="71" conditionals="20" coveredconditionals="16" methods="6" coveredmethods="1"/>
      <file name="Calendar.jsx" path="/home/aurore/Documents/cda-simplon-val/021-truckbusters/truckbusters_frontend/src/components/appointment/calendar/Calendar.jsx">
        <metrics statements="88" coveredstatements="71" conditionals="20" coveredconditionals="16" methods="6" coveredmethods="1"/>
        <line num="1" count="1" type="stmt"/>
        <line num="2" count="1" type="stmt"/>
        <line num="3" count="1" type="stmt"/>
        <line num="4" count="1" type="stmt"/>
        <line num="5" count="1" type="stmt"/>
        <line num="6" count="1" type="stmt"/>
        <line num="7" count="1" type="stmt"/>
        <line num="8" count="1" type="stmt"/>
        <line num="10" count="1" type="stmt"/>
        <line num="11" count="1" type="stmt"/>
        <line num="12" count="1" type="stmt"/>
        <line num="13" count="1" type="stmt"/>
        <line num="16" count="1" type="stmt"/>
        <line num="18" count="1" type="cond" truecount="1" falsecount="0"/>
        <line num="19" count="26" type="stmt"/>
        <line num="21" count="26" type="stmt"/>
        <line num="23" count="26" type="stmt"/>
        <line num="24" count="26" type="stmt"/>
        <line num="26" count="26" type="stmt"/>
        <line num="29" count="26" type="stmt"/>
        <line num="32" count="26" type="stmt"/>
        <line num="35" count="26" type="stmt"/>
        <line num="38" count="26" type="stmt"/>
        <line num="41" count="26" type="stmt"/>
        <line num="43" count="26" type="stmt"/>
        <line num="44" count="0" type="stmt"/>
        <line num="45" count="0" type="stmt"/>
        <line num="46" count="0" type="stmt"/>
        <line num="48" count="26" type="stmt"/>
        <line num="49" count="26" type="cond" truecount="0" falsecount="1"/>
        <line num="50" count="26" type="stmt"/>
        <line num="51" count="26" type="stmt"/>
        <line num="52" count="26" type="stmt"/>
        <line num="53" count="26" type="stmt"/>
        <line num="54" count="26" type="stmt"/>
        <line num="55" count="26" type="cond" truecount="0" falsecount="1"/>
        <line num="56" count="26" type="stmt"/>
        <line num="58" count="26" type="cond" truecount="0" falsecount="1"/>
        <line num="59" count="26" type="stmt"/>
        <line num="60" count="26" type="stmt"/>
        <line num="61" count="26" type="stmt"/>
        <line num="62" count="26" type="stmt"/>
        <line num="63" count="26" type="stmt"/>
        <line num="64" count="26" type="stmt"/>
        <line num="65" count="26" type="stmt"/>
        <line num="66" count="26" type="stmt"/>
        <line num="67" count="26" type="stmt"/>
        <line num="68" count="26" type="cond" truecount="1" falsecount="0"/>
        <line num="69" count="1092" type="stmt"/>
        <line num="70" count="1092" type="cond" truecount="1" falsecount="0"/>
        <line num="71" count="156" type="stmt"/>
        <line num="72" count="156" type="stmt"/>
        <line num="74" count="1092" type="stmt"/>
        <line num="75" count="0" type="stmt"/>
        <line num="76" count="0" type="stmt"/>
        <line num="77" count="0" type="stmt"/>
        <line num="78" count="1092" type="stmt"/>
        <line num="80" count="1092" type="cond" truecount="0" falsecount="1"/>
        <line num="81" count="0" type="stmt"/>
        <line num="82" count="0" type="stmt"/>
        <line num="83" count="0" type="stmt"/>
        <line num="84" count="0" type="stmt"/>
        <line num="86" count="0" type="stmt"/>
        <line num="87" count="0" type="stmt"/>
        <line num="88" count="0" type="stmt"/>
        <line num="89" count="0" type="stmt"/>
        <line num="91" count="0" type="stmt"/>
        <line num="92" count="0" type="stmt"/>
        <line num="95" count="0" type="stmt"/>
        <line num="97" count="1092" type="stmt"/>
        <line num="98" count="1092" type="cond" truecount="2" falsecount="0"/>
        <line num="99" count="1092" type="cond" truecount="2" falsecount="0"/>
        <line num="100" count="1092" type="cond" truecount="5" falsecount="0"/>
        <line num="101" count="1092" type="stmt"/>
        <line num="103" count="1092" type="stmt"/>
        <line num="104" count="1092" type="cond" truecount="2" falsecount="0"/>
        <line num="105" count="1092" type="stmt"/>
        <line num="106" count="1092" type="stmt"/>
        <line num="107" count="1092" type="cond" truecount="2" falsecount="0"/>
        <line num="109" count="936" type="stmt"/>
        <line num="111" count="1092" type="stmt"/>
        <line num="112" count="1092" type="stmt"/>
        <line num="114" count="26" type="stmt"/>
        <line num="115" count="26" type="stmt"/>
        <line num="116" count="26" type="stmt"/>
        <line num="117" count="26" type="stmt"/>
        <line num="119" count="26" type="stmt"/>
        <line num="121" count="1" type="stmt"/>
      </file>
    </package>
    <package name="truckbusters_frontend.src.components.appointment.error-modal">
      <metrics statements="16" coveredstatements="16" conditionals="2" coveredconditionals="1" methods="1" coveredmethods="1"/>
      <file name="ErrorModal.jsx" path="/home/aurore/Documents/cda-simplon-val/021-truckbusters/truckbusters_frontend/src/components/appointment/error-modal/ErrorModal.jsx">
        <metrics statements="16" coveredstatements="16" conditionals="2" coveredconditionals="1" methods="1" coveredmethods="1"/>
        <line num="1" count="1" type="stmt"/>
        <line num="3" count="1" type="cond" truecount="1" falsecount="0"/>
        <line num="4" count="4" type="cond" truecount="0" falsecount="1"/>
        <line num="6" count="4" type="stmt"/>
        <line num="7" count="4" type="stmt"/>
        <line num="8" count="4" type="stmt"/>
        <line num="9" count="4" type="stmt"/>
        <line num="10" count="4" type="stmt"/>
        <line num="11" count="4" type="stmt"/>
        <line num="12" count="4" type="stmt"/>
        <line num="14" count="4" type="stmt"/>
        <line num="15" count="4" type="stmt"/>
        <line num="16" count="4" type="stmt"/>
        <line num="17" count="4" type="stmt"/>
        <line num="19" count="4" type="stmt"/>
        <line num="21" count="1" type="stmt"/>
      </file>
    </package>
    <package name="truckbusters_frontend.src.components.appointment.form">
      <metrics statements="304" coveredstatements="258" conditionals="33" coveredconditionals="28" methods="6" coveredmethods="5"/>
      <file name="Form.jsx" path="/home/aurore/Documents/cda-simplon-val/021-truckbusters/truckbusters_frontend/src/components/appointment/form/Form.jsx">
        <metrics statements="304" coveredstatements="258" conditionals="33" coveredconditionals="28" methods="6" coveredmethods="5"/>
        <line num="1" count="1" type="stmt"/>
        <line num="2" count="1" type="stmt"/>
        <line num="5" count="1" type="cond" truecount="1" falsecount="0"/>
        <line num="6" count="45" type="stmt"/>
        <line num="8" count="45" type="stmt"/>
        <line num="10" count="45" type="stmt"/>
        <line num="11" count="45" type="stmt"/>
        <line num="12" count="45" type="stmt"/>
        <line num="13" count="45" type="stmt"/>
        <line num="14" count="45" type="stmt"/>
        <line num="15" count="45" type="stmt"/>
        <line num="16" count="45" type="stmt"/>
        <line num="18" count="45" type="stmt"/>
        <line num="20" count="45" type="stmt"/>
        <line num="22" count="45" type="stmt"/>
        <line num="23" count="45" type="stmt"/>
        <line num="24" count="45" type="stmt"/>
        <line num="25" count="45" type="stmt"/>
        <line num="26" count="45" type="stmt"/>
        <line num="27" count="45" type="stmt"/>
        <line num="28" count="45" type="stmt"/>
        <line num="29" count="45" type="stmt"/>
        <line num="30" count="45" type="stmt"/>
        <line num="31" count="45" type="stmt"/>
        <line num="32" count="45" type="stmt"/>
        <line num="33" count="45" type="stmt"/>
        <line num="34" count="45" type="stmt"/>
        <line num="35" count="45" type="stmt"/>
        <line num="36" count="45" type="stmt"/>
        <line num="37" count="45" type="stmt"/>
        <line num="38" count="45" type="stmt"/>
        <line num="39" count="45" type="stmt"/>
        <line num="40" count="45" type="stmt"/>
        <line num="41" count="45" type="stmt"/>
        <line num="42" count="45" type="stmt"/>
        <line num="43" count="45" type="stmt"/>
        <line num="44" count="45" type="stmt"/>
        <line num="45" count="45" type="stmt"/>
        <line num="46" count="45" type="stmt"/>
        <line num="47" count="45" type="stmt"/>
        <line num="48" count="45" type="stmt"/>
        <line num="49" count="45" type="stmt"/>
        <line num="50" count="45" type="stmt"/>
        <line num="51" count="45" type="stmt"/>
        <line num="52" count="45" type="stmt"/>
        <line num="53" count="45" type="stmt"/>
        <line num="54" count="45" type="stmt"/>
        <line num="55" count="45" type="stmt"/>
        <line num="56" count="45" type="stmt"/>
        <line num="57" count="45" type="stmt"/>
        <line num="58" count="45" type="stmt"/>
        <line num="59" count="45" type="stmt"/>
        <line num="60" count="45" type="stmt"/>
        <line num="61" count="45" type="stmt"/>
        <line num="62" count="45" type="stmt"/>
        <line num="63" count="45" type="stmt"/>
        <line num="64" count="45" type="stmt"/>
        <line num="65" count="45" type="stmt"/>
        <line num="66" count="45" type="stmt"/>
        <line num="67" count="45" type="stmt"/>
        <line num="68" count="45" type="stmt"/>
        <line num="70" count="45" type="cond" truecount="1" falsecount="0"/>
        <line num="71" count="90" type="stmt"/>
        <line num="72" count="90" type="cond" truecount="0" falsecount="1"/>
        <line num="74" count="90" type="cond" truecount="1" falsecount="0"/>
        <line num="75" count="8" type="stmt"/>
        <line num="76" count="8" type="cond" truecount="1" falsecount="0"/>
        <line num="78" count="90" type="cond" truecount="2" falsecount="0"/>
        <line num="79" count="2" type="stmt"/>
        <line num="80" count="2" type="cond" truecount="1" falsecount="0"/>
        <line num="81" count="80" type="stmt"/>
        <line num="82" count="90" type="stmt"/>
        <line num="84" count="45" type="cond" truecount="1" falsecount="0"/>
        <line num="85" count="45" type="stmt"/>
        <line num="87" count="45" type="cond" truecount="0" falsecount="1"/>
        <line num="89" count="0" type="stmt"/>
        <line num="90" count="0" type="stmt"/>
        <line num="91" count="0" type="stmt"/>
        <line num="92" count="0" type="stmt"/>
        <line num="93" count="0" type="stmt"/>
        <line num="94" count="0" type="stmt"/>
        <line num="95" count="0" type="stmt"/>
        <line num="96" count="0" type="stmt"/>
        <line num="97" count="45" type="stmt"/>
        <line num="99" count="45" type="cond" truecount="1" falsecount="0"/>
        <line num="100" count="10" type="stmt"/>
        <line num="102" count="10" type="stmt"/>
        <line num="103" count="10" type="cond" truecount="1" falsecount="0"/>
        <line num="104" count="10" type="cond" truecount="1" falsecount="0"/>
        <line num="105" count="10" type="cond" truecount="1" falsecount="0"/>
        <line num="106" count="10" type="cond" truecount="1" falsecount="0"/>
        <line num="107" count="10" type="cond" truecount="1" falsecount="0"/>
        <line num="108" count="10" type="stmt"/>
        <line num="109" count="10" type="cond" truecount="1" falsecount="0"/>
        <line num="110" count="10" type="cond" truecount="1" falsecount="0"/>
        <line num="111" count="10" type="cond" truecount="1" falsecount="0"/>
        <line num="112" count="10" type="stmt"/>
        <line num="114" count="10" type="cond" truecount="1" falsecount="0"/>
        <line num="115" count="90" type="stmt"/>
        <line num="116" count="90" type="cond" truecount="1" falsecount="0"/>
        <line num="117" count="10" type="stmt"/>
        <line num="118" count="10" type="stmt"/>
        <line num="119" count="10" type="stmt"/>
        <line num="121" count="10" type="stmt"/>
        <line num="122" count="10" type="stmt"/>
        <line num="123" count="10" type="stmt"/>
        <line num="125" count="45" type="cond" truecount="1" falsecount="0"/>
        <line num="127" count="10" type="stmt"/>
        <line num="129" count="10" type="stmt"/>
        <line num="130" count="10" type="stmt"/>
        <line num="131" count="10" type="stmt"/>
        <line num="132" count="10" type="cond" truecount="0" falsecount="1"/>
        <line num="134" count="0" type="stmt"/>
        <line num="135" count="0" type="stmt"/>
        <line num="136" count="0" type="stmt"/>
        <line num="137" count="0" type="stmt"/>
        <line num="138" count="0" type="stmt"/>
        <line num="139" count="0" type="stmt"/>
        <line num="140" count="0" type="stmt"/>
        <line num="141" count="0" type="stmt"/>
        <line num="142" count="0" type="stmt"/>
        <line num="143" count="0" type="stmt"/>
        <line num="144" count="0" type="stmt"/>
        <line num="145" count="0" type="stmt"/>
        <line num="146" count="0" type="stmt"/>
        <line num="147" count="0" type="stmt"/>
        <line num="148" count="0" type="stmt"/>
        <line num="149" count="0" type="stmt"/>
        <line num="150" count="0" type="stmt"/>
        <line num="151" count="0" type="stmt"/>
        <line num="152" count="0" type="stmt"/>
        <line num="153" count="0" type="stmt"/>
        <line num="154" count="0" type="stmt"/>
        <line num="155" count="0" type="stmt"/>
        <line num="156" count="0" type="stmt"/>
        <line num="157" count="0" type="stmt"/>
        <line num="158" count="0" type="stmt"/>
        <line num="160" count="0" type="stmt"/>
        <line num="161" count="0" type="stmt"/>
        <line num="162" count="0" type="stmt"/>
        <line num="163" count="0" type="stmt"/>
        <line num="164" count="0" type="stmt"/>
        <line num="165" count="0" type="stmt"/>
        <line num="167" count="10" type="cond" truecount="0" falsecount="1"/>
        <line num="168" count="0" type="stmt"/>
        <line num="169" count="0" type="stmt"/>
        <line num="170" count="10" type="stmt"/>
        <line num="172" count="45" type="cond" truecount="1" falsecount="0"/>
        <line num="173" count="30" type="cond" truecount="1" falsecount="0"/>
        <line num="174" count="30" type="stmt"/>
        <line num="175" count="30" type="cond" truecount="2" falsecount="0"/>
        <line num="176" count="19" type="cond" truecount="0" falsecount="1"/>
        <line num="177" count="0" type="stmt"/>
        <line num="178" count="0" type="cond" truecount="1" falsecount="0"/>
        <line num="179" count="14" type="stmt"/>
        <line num="180" count="14" type="stmt"/>
        <line num="182" count="14" type="stmt"/>
        <line num="183" count="19" type="cond" truecount="1" falsecount="0"/>
        <line num="184" count="5" type="stmt"/>
        <line num="185" count="5" type="stmt"/>
        <line num="186" count="30" type="stmt"/>
        <line num="188" count="30" type="stmt"/>
        <line num="189" count="45" type="stmt"/>
        <line num="191" count="45" type="stmt"/>
        <line num="192" count="45" type="cond" truecount="2" falsecount="0"/>
        <line num="193" count="45" type="stmt"/>
        <line num="194" count="45" type="stmt"/>
        <line num="195" count="45" type="stmt"/>
        <line num="196" count="45" type="stmt"/>
        <line num="197" count="45" type="stmt"/>
        <line num="198" count="45" type="stmt"/>
        <line num="199" count="0" type="stmt"/>
        <line num="200" count="0" type="stmt"/>
        <line num="201" count="0" type="stmt"/>
        <line num="204" count="45" type="stmt"/>
        <line num="205" count="45" type="stmt"/>
        <line num="206" count="45" type="stmt"/>
        <line num="207" count="45" type="stmt"/>
        <line num="208" count="45" type="stmt"/>
        <line num="209" count="45" type="stmt"/>
        <line num="210" count="45" type="stmt"/>
        <line num="211" count="45" type="stmt"/>
        <line num="212" count="45" type="stmt"/>
        <line num="213" count="45" type="stmt"/>
        <line num="214" count="45" type="stmt"/>
        <line num="215" count="45" type="stmt"/>
        <line num="216" count="45" type="stmt"/>
        <line num="217" count="45" type="stmt"/>
        <line num="218" count="45" type="stmt"/>
        <line num="219" count="45" type="stmt"/>
        <line num="220" count="45" type="stmt"/>
        <line num="221" count="45" type="stmt"/>
        <line num="222" count="45" type="stmt"/>
        <line num="223" count="45" type="stmt"/>
        <line num="224" count="45" type="stmt"/>
        <line num="225" count="45" type="stmt"/>
        <line num="226" count="45" type="stmt"/>
        <line num="227" count="45" type="stmt"/>
        <line num="228" count="45" type="stmt"/>
        <line num="229" count="45" type="stmt"/>
        <line num="230" count="45" type="stmt"/>
        <line num="231" count="45" type="stmt"/>
        <line num="232" count="45" type="stmt"/>
        <line num="233" count="45" type="stmt"/>
        <line num="234" count="45" type="stmt"/>
        <line num="235" count="45" type="stmt"/>
        <line num="236" count="45" type="stmt"/>
        <line num="237" count="45" type="stmt"/>
        <line num="238" count="45" type="stmt"/>
        <line num="239" count="45" type="stmt"/>
        <line num="240" count="45" type="stmt"/>
        <line num="241" count="45" type="stmt"/>
        <line num="242" count="45" type="stmt"/>
        <line num="243" count="45" type="stmt"/>
        <line num="244" count="45" type="stmt"/>
        <line num="245" count="45" type="stmt"/>
        <line num="246" count="45" type="stmt"/>
        <line num="247" count="45" type="stmt"/>
        <line num="248" count="45" type="stmt"/>
        <line num="249" count="45" type="stmt"/>
        <line num="250" count="45" type="stmt"/>
        <line num="251" count="45" type="stmt"/>
        <line num="252" count="45" type="stmt"/>
        <line num="253" count="45" type="stmt"/>
        <line num="254" count="45" type="stmt"/>
        <line num="255" count="45" type="stmt"/>
        <line num="256" count="45" type="stmt"/>
        <line num="257" count="45" type="stmt"/>
        <line num="258" count="45" type="stmt"/>
        <line num="259" count="45" type="stmt"/>
        <line num="260" count="45" type="stmt"/>
        <line num="261" count="45" type="stmt"/>
        <line num="262" count="45" type="stmt"/>
        <line num="263" count="45" type="stmt"/>
        <line num="264" count="45" type="stmt"/>
        <line num="265" count="45" type="stmt"/>
        <line num="266" count="45" type="stmt"/>
        <line num="267" count="45" type="stmt"/>
        <line num="268" count="45" type="stmt"/>
        <line num="269" count="45" type="stmt"/>
        <line num="270" count="45" type="stmt"/>
        <line num="271" count="45" type="stmt"/>
        <line num="272" count="45" type="stmt"/>
        <line num="273" count="45" type="stmt"/>
        <line num="274" count="45" type="stmt"/>
        <line num="275" count="45" type="stmt"/>
        <line num="276" count="45" type="stmt"/>
        <line num="277" count="45" type="stmt"/>
        <line num="278" count="45" type="stmt"/>
        <line num="279" count="45" type="stmt"/>
        <line num="280" count="45" type="stmt"/>
        <line num="281" count="45" type="stmt"/>
        <line num="282" count="45" type="stmt"/>
        <line num="283" count="45" type="stmt"/>
        <line num="284" count="45" type="stmt"/>
        <line num="285" count="45" type="stmt"/>
        <line num="286" count="45" type="stmt"/>
        <line num="287" count="45" type="stmt"/>
        <line num="288" count="45" type="stmt"/>
        <line num="289" count="45" type="stmt"/>
        <line num="290" count="45" type="stmt"/>
        <line num="291" count="45" type="stmt"/>
        <line num="292" count="45" type="stmt"/>
        <line num="293" count="45" type="stmt"/>
        <line num="294" count="45" type="stmt"/>
        <line num="295" count="45" type="stmt"/>
        <line num="296" count="45" type="stmt"/>
        <line num="297" count="45" type="stmt"/>
        <line num="298" count="45" type="stmt"/>
        <line num="299" count="45" type="stmt"/>
        <line num="300" count="45" type="stmt"/>
        <line num="301" count="45" type="stmt"/>
        <line num="302" count="45" type="stmt"/>
        <line num="303" count="45" type="stmt"/>
        <line num="304" count="45" type="stmt"/>
        <line num="305" count="45" type="stmt"/>
        <line num="306" count="45" type="stmt"/>
        <line num="307" count="45" type="stmt"/>
        <line num="308" count="45" type="stmt"/>
        <line num="309" count="45" type="stmt"/>
        <line num="310" count="45" type="stmt"/>
        <line num="311" count="45" type="stmt"/>
        <line num="312" count="45" type="stmt"/>
        <line num="313" count="45" type="stmt"/>
        <line num="314" count="45" type="stmt"/>
        <line num="315" count="45" type="stmt"/>
        <line num="316" count="45" type="stmt"/>
        <line num="317" count="45" type="stmt"/>
        <line num="318" count="45" type="stmt"/>
        <line num="319" count="45" type="stmt"/>
        <line num="320" count="45" type="stmt"/>
        <line num="321" count="45" type="stmt"/>
        <line num="322" count="45" type="stmt"/>
        <line num="323" count="45" type="stmt"/>
        <line num="324" count="45" type="stmt"/>
        <line num="326" count="45" type="stmt"/>
        <line num="327" count="45" type="stmt"/>
        <line num="328" count="45" type="stmt"/>
        <line num="329" count="45" type="stmt"/>
        <line num="330" count="45" type="stmt"/>
        <line num="331" count="45" type="stmt"/>
        <line num="332" count="45" type="stmt"/>
        <line num="334" count="45" type="stmt"/>
        <line num="336" count="1" type="stmt"/>
      </file>
    </package>
    <package name="truckbusters_frontend.src.components.appointment.modal">
      <metrics statements="52" coveredstatements="42" conditionals="7" coveredconditionals="6" methods="3" coveredmethods="2"/>
      <file name="Modal.jsx" path="/home/aurore/Documents/cda-simplon-val/021-truckbusters/truckbusters_frontend/src/components/appointment/modal/Modal.jsx">
        <metrics statements="52" coveredstatements="42" conditionals="7" coveredconditionals="6" methods="3" coveredmethods="2"/>
        <line num="1" count="1" type="stmt"/>
        <line num="3" count="1" type="cond" truecount="1" falsecount="0"/>
        <line num="4" count="22" type="stmt"/>
        <line num="6" count="22" type="stmt"/>
        <line num="9" count="22" type="cond" truecount="0" falsecount="1"/>
        <line num="10" count="0" type="stmt"/>
        <line num="11" count="0" type="stmt"/>
        <line num="12" count="0" type="stmt"/>
        <line num="13" count="0" type="stmt"/>
        <line num="14" count="22" type="stmt"/>
        <line num="15" count="22" type="stmt"/>
        <line num="16" count="22" type="stmt"/>
        <line num="17" count="22" type="stmt"/>
        <line num="18" count="22" type="stmt"/>
        <line num="19" count="22" type="stmt"/>
        <line num="20" count="22" type="stmt"/>
        <line num="21" count="22" type="stmt"/>
        <line num="22" count="22" type="stmt"/>
        <line num="24" count="22" type="stmt"/>
        <line num="25" count="22" type="stmt"/>
        <line num="26" count="22" type="cond" truecount="2" falsecount="0"/>
        <line num="27" count="22" type="stmt"/>
        <line num="28" count="22" type="cond" truecount="1" falsecount="0"/>
        <line num="29" count="22" type="stmt"/>
        <line num="30" count="22" type="stmt"/>
        <line num="31" count="22" type="stmt"/>
        <line num="32" count="22" type="stmt"/>
        <line num="33" count="22" type="stmt"/>
        <line num="34" count="22" type="stmt"/>
        <line num="35" count="22" type="stmt"/>
        <line num="36" count="22" type="stmt"/>
        <line num="37" count="22" type="cond" truecount="1" falsecount="0"/>
        <line num="38" count="22" type="cond" truecount="1" falsecount="0"/>
        <line num="39" count="110" type="stmt"/>
        <line num="40" count="110" type="stmt"/>
        <line num="41" count="110" type="stmt"/>
        <line num="42" count="110" type="stmt"/>
        <line num="43" count="0" type="stmt"/>
        <line num="44" count="0" type="stmt"/>
        <line num="45" count="0" type="stmt"/>
        <line num="46" count="0" type="stmt"/>
        <line num="47" count="0" type="stmt"/>
        <line num="48" count="0" type="stmt"/>
        <line num="50" count="110" type="stmt"/>
        <line num="51" count="110" type="stmt"/>
        <line num="52" count="22" type="stmt"/>
        <line num="53" count="22" type="stmt"/>
        <line num="54" count="22" type="stmt"/>
        <line num="55" count="22" type="stmt"/>
        <line num="56" count="22" type="stmt"/>
        <line num="58" count="22" type="stmt"/>
        <line num="60" count="1" type="stmt"/>
      </file>
    </package>
    <package name="truckbusters_frontend.src.components.header">
      <metrics statements="28" coveredstatements="28" conditionals="1" coveredconditionals="1" methods="1" coveredmethods="1"/>
      <file name="Header.jsx" path="/home/aurore/Documents/cda-simplon-val/021-truckbusters/truckbusters_frontend/src/components/header/Header.jsx">
        <metrics statements="28" coveredstatements="28" conditionals="1" coveredconditionals="1" methods="1" coveredmethods="1"/>
        <line num="1" count="1" type="stmt"/>
        <line num="2" count="1" type="stmt"/>
        <line num="4" count="1" type="cond" truecount="1" falsecount="0"/>
        <line num="6" count="2" type="stmt"/>
        <line num="7" count="2" type="stmt"/>
        <line num="8" count="2" type="stmt"/>
        <line num="9" count="2" type="stmt"/>
        <line num="10" count="2" type="stmt"/>
        <line num="11" count="2" type="stmt"/>
        <line num="12" count="2" type="stmt"/>
        <line num="13" count="2" type="stmt"/>
        <line num="14" count="2" type="stmt"/>
        <line num="15" count="2" type="stmt"/>
        <line num="16" count="2" type="stmt"/>
        <line num="17" count="2" type="stmt"/>
        <line num="18" count="2" type="stmt"/>
        <line num="19" count="2" type="stmt"/>
        <line num="20" count="2" type="stmt"/>
        <line num="21" count="2" type="stmt"/>
        <line num="22" count="2" type="stmt"/>
        <line num="23" count="2" type="stmt"/>
        <line num="24" count="2" type="stmt"/>
        <line num="25" count="2" type="stmt"/>
        <line num="26" count="2" type="stmt"/>
        <line num="27" count="2" type="stmt"/>
        <line num="28" count="2" type="stmt"/>
        <line num="30" count="2" type="stmt"/>
        <line num="32" count="1" type="stmt"/>
      </file>
    </package>
  </project>
</coverage>
