{"/home/aurore/Documents/cda-simplon-val/021-truckbusters/truckbusters_frontend/ eslint.config.js": {"path":"/home/aurore/Documents/cda-simplon-val/021-truckbusters/truckbusters_frontend/ eslint.config.js","all":true,"statementMap":{"0":{"start":{"line":1,"column":0},"end":{"line":1,"column":28}},"1":{"start":{"line":2,"column":0},"end":{"line":2,"column":40}},"2":{"start":{"line":3,"column":0},"end":{"line":3,"column":51}},"3":{"start":{"line":4,"column":0},"end":{"line":4,"column":55}},"4":{"start":{"line":5,"column":0},"end":{"line":5,"column":0}},"5":{"start":{"line":6,"column":0},"end":{"line":6,"column":16}},"6":{"start":{"line":7,"column":0},"end":{"line":7,"column":25}},"7":{"start":{"line":8,"column":0},"end":{"line":8,"column":3}},"8":{"start":{"line":9,"column":0},"end":{"line":9,"column":29}},"9":{"start":{"line":10,"column":0},"end":{"line":10,"column":22}},"10":{"start":{"line":11,"column":0},"end":{"line":11,"column":28}},"11":{"start":{"line":12,"column":0},"end":{"line":12,"column":27}},"12":{"start":{"line":13,"column":0},"end":{"line":13,"column":16}},"13":{"start":{"line":14,"column":0},"end":{"line":14,"column":22}},"14":{"start":{"line":15,"column":0},"end":{"line":15,"column":8}},"15":{"start":{"line":16,"column":0},"end":{"line":16,"column":6}},"16":{"start":{"line":17,"column":0},"end":{"line":17,"column":14}},"17":{"start":{"line":18,"column":0},"end":{"line":18,"column":12}},"18":{"start":{"line":19,"column":0},"end":{"line":19,"column":32}},"19":{"start":{"line":20,"column":0},"end":{"line":20,"column":36}},"20":{"start":{"line":21,"column":0},"end":{"line":21,"column":6}},"21":{"start":{"line":22,"column":0},"end":{"line":22,"column":12}},"22":{"start":{"line":23,"column":0},"end":{"line":23,"column":41}},"23":{"start":{"line":24,"column":0},"end":{"line":24,"column":46}},"24":{"start":{"line":25,"column":0},"end":{"line":25,"column":41}},"25":{"start":{"line":26,"column":0},"end":{"line":26,"column":47}},"26":{"start":{"line":27,"column":0},"end":{"line":27,"column":15}},"27":{"start":{"line":28,"column":0},"end":{"line":28,"column":38}},"28":{"start":{"line":29,"column":0},"end":{"line":29,"column":8}},"29":{"start":{"line":30,"column":0},"end":{"line":30,"column":28}},"30":{"start":{"line":31,"column":0},"end":{"line":31,"column":6}},"31":{"start":{"line":32,"column":0},"end":{"line":32,"column":15}},"32":{"start":{"line":33,"column":0},"end":{"line":33,"column":33}},"33":{"start":{"line":34,"column":0},"end":{"line":34,"column":6}},"34":{"start":{"line":35,"column":0},"end":{"line":35,"column":4}},"35":{"start":{"line":36,"column":0},"end":{"line":36,"column":3}},"36":{"start":{"line":37,"column":0},"end":{"line":37,"column":39}},"37":{"start":{"line":38,"column":0},"end":{"line":38,"column":4}},"38":{"start":{"line":39,"column":0},"end":{"line":39,"column":2}}},"s":{"0":0,"1":0,"2":0,"3":0,"4":0,"5":0,"6":0,"7":0,"8":0,"9":0,"10":0,"11":0,"12":0,"13":0,"14":0,"15":0,"16":0,"17":0,"18":0,"19":0,"20":0,"21":0,"22":0,"23":0,"24":0,"25":0,"26":0,"27":0,"28":0,"29":0,"30":0,"31":0,"32":0,"33":0,"34":0,"35":0,"36":0,"37":0,"38":0},"branchMap":{"0":{"type":"branch","line":1,"loc":{"start":{"line":1,"column":0},"end":{"line":39,"column":2}},"locations":[{"start":{"line":1,"column":0},"end":{"line":39,"column":2}}]}},"b":{"0":[0]},"fnMap":{"0":{"name":"(empty-report)","decl":{"start":{"line":1,"column":0},"end":{"line":39,"column":2}},"loc":{"start":{"line":1,"column":0},"end":{"line":39,"column":2}},"line":1}},"f":{"0":0}}
,"/home/aurore/Documents/cda-simplon-val/021-truckbusters/truckbusters_frontend/playwright.config.ts": {"path":"/home/aurore/Documents/cda-simplon-val/021-truckbusters/truckbusters_frontend/playwright.config.ts","all":true,"statementMap":{"0":{"start":{"line":1,"column":0},"end":{"line":1,"column":57}},"2":{"start":{"line":3,"column":0},"end":{"line":3,"column":29}},"3":{"start":{"line":4,"column":0},"end":{"line":4,"column":25}},"4":{"start":{"line":5,"column":0},"end":{"line":5,"column":32}},"5":{"start":{"line":6,"column":0},"end":{"line":6,"column":15}},"6":{"start":{"line":7,"column":0},"end":{"line":7,"column":25}},"7":{"start":{"line":8,"column":0},"end":{"line":8,"column":17}},"8":{"start":{"line":9,"column":0},"end":{"line":9,"column":18}},"9":{"start":{"line":10,"column":0},"end":{"line":10,"column":21}},"10":{"start":{"line":11,"column":0},"end":{"line":11,"column":23}},"11":{"start":{"line":12,"column":0},"end":{"line":12,"column":24}},"12":{"start":{"line":13,"column":0},"end":{"line":13,"column":4}},"13":{"start":{"line":14,"column":0},"end":{"line":14,"column":22}},"14":{"start":{"line":15,"column":0},"end":{"line":15,"column":31}},"15":{"start":{"line":16,"column":0},"end":{"line":16,"column":34}},"16":{"start":{"line":17,"column":0},"end":{"line":17,"column":42}},"17":{"start":{"line":18,"column":0},"end":{"line":18,"column":19}},"18":{"start":{"line":19,"column":0},"end":{"line":19,"column":8}},"19":{"start":{"line":20,"column":0},"end":{"line":20,"column":37}},"20":{"start":{"line":21,"column":0},"end":{"line":21,"column":28}},"21":{"start":{"line":22,"column":0},"end":{"line":22,"column":34}},"22":{"start":{"line":23,"column":0},"end":{"line":23,"column":4}},"23":{"start":{"line":24,"column":0},"end":{"line":24,"column":13}},"24":{"start":{"line":25,"column":0},"end":{"line":25,"column":5}},"25":{"start":{"line":26,"column":0},"end":{"line":26,"column":23}},"26":{"start":{"line":27,"column":0},"end":{"line":27,"column":44}},"27":{"start":{"line":28,"column":0},"end":{"line":28,"column":6}},"29":{"start":{"line":30,"column":0},"end":{"line":30,"column":5}},"30":{"start":{"line":31,"column":0},"end":{"line":31,"column":22}},"31":{"start":{"line":32,"column":0},"end":{"line":32,"column":45}},"32":{"start":{"line":33,"column":0},"end":{"line":33,"column":6}},"34":{"start":{"line":35,"column":0},"end":{"line":35,"column":5}},"35":{"start":{"line":36,"column":0},"end":{"line":36,"column":21}},"36":{"start":{"line":37,"column":0},"end":{"line":37,"column":44}},"37":{"start":{"line":38,"column":0},"end":{"line":38,"column":6}},"58":{"start":{"line":59,"column":0},"end":{"line":59,"column":4}},"59":{"start":{"line":60,"column":0},"end":{"line":60,"column":14}},"60":{"start":{"line":61,"column":0},"end":{"line":61,"column":27}},"61":{"start":{"line":62,"column":0},"end":{"line":62,"column":33}},"62":{"start":{"line":63,"column":0},"end":{"line":63,"column":41}},"63":{"start":{"line":64,"column":0},"end":{"line":64,"column":4}},"64":{"start":{"line":65,"column":0},"end":{"line":65,"column":3}}},"s":{"0":0,"2":0,"3":0,"4":0,"5":0,"6":0,"7":0,"8":0,"9":0,"10":0,"11":0,"12":0,"13":0,"14":0,"15":0,"16":0,"17":0,"18":0,"19":0,"20":0,"21":0,"22":0,"23":0,"24":0,"25":0,"26":0,"27":0,"29":0,"30":0,"31":0,"32":0,"34":0,"35":0,"36":0,"37":0,"58":0,"59":0,"60":0,"61":0,"62":0,"63":0,"64":0},"branchMap":{"0":{"type":"branch","line":1,"loc":{"start":{"line":1,"column":1469},"end":{"line":65,"column":3}},"locations":[{"start":{"line":1,"column":1469},"end":{"line":65,"column":3}}]}},"b":{"0":[0]},"fnMap":{"0":{"name":"(empty-report)","decl":{"start":{"line":1,"column":1469},"end":{"line":65,"column":3}},"loc":{"start":{"line":1,"column":1469},"end":{"line":65,"column":3}},"line":1}},"f":{"0":0}}
,"/home/aurore/Documents/cda-simplon-val/021-truckbusters/truckbusters_frontend/src/App.jsx": {"path":"/home/aurore/Documents/cda-simplon-val/021-truckbusters/truckbusters_frontend/src/App.jsx","all":true,"statementMap":{"0":{"start":{"line":1,"column":0},"end":{"line":1,"column":18}},"1":{"start":{"line":2,"column":0},"end":{"line":2,"column":62}},"3":{"start":{"line":4,"column":0},"end":{"line":4,"column":16}},"5":{"start":{"line":6,"column":0},"end":{"line":6,"column":10}},"6":{"start":{"line":7,"column":0},"end":{"line":7,"column":6}},"7":{"start":{"line":8,"column":0},"end":{"line":8,"column":21}},"8":{"start":{"line":9,"column":0},"end":{"line":9,"column":7}},"10":{"start":{"line":11,"column":0},"end":{"line":11,"column":1}},"12":{"start":{"line":13,"column":0},"end":{"line":13,"column":18}}},"s":{"0":0,"1":0,"3":0,"5":0,"6":0,"7":0,"8":0,"10":0,"12":0},"branchMap":{"0":{"type":"branch","line":1,"loc":{"start":{"line":1,"column":174},"end":{"line":13,"column":18}},"locations":[{"start":{"line":1,"column":174},"end":{"line":13,"column":18}}]}},"b":{"0":[0]},"fnMap":{"0":{"name":"(empty-report)","decl":{"start":{"line":1,"column":174},"end":{"line":13,"column":18}},"loc":{"start":{"line":1,"column":174},"end":{"line":13,"column":18}},"line":1}},"f":{"0":0}}
,"/home/aurore/Documents/cda-simplon-val/021-truckbusters/truckbusters_frontend/src/main.jsx": {"path":"/home/aurore/Documents/cda-simplon-val/021-truckbusters/truckbusters_frontend/src/main.jsx","all":true,"statementMap":{"0":{"start":{"line":1,"column":0},"end":{"line":1,"column":25}},"1":{"start":{"line":2,"column":0},"end":{"line":2,"column":39}},"2":{"start":{"line":3,"column":0},"end":{"line":3,"column":27}},"3":{"start":{"line":4,"column":0},"end":{"line":4,"column":20}},"4":{"start":{"line":5,"column":0},"end":{"line":5,"column":47}},"6":{"start":{"line":7,"column":0},"end":{"line":7,"column":60}},"7":{"start":{"line":8,"column":0},"end":{"line":8,"column":20}},"8":{"start":{"line":9,"column":0},"end":{"line":9,"column":14}},"9":{"start":{"line":10,"column":0},"end":{"line":10,"column":11}},"10":{"start":{"line":11,"column":0},"end":{"line":11,"column":22}},"11":{"start":{"line":12,"column":0},"end":{"line":12,"column":1}}},"s":{"0":0,"1":0,"2":0,"3":0,"4":0,"6":0,"7":0,"8":0,"9":0,"10":0,"11":0},"branchMap":{"0":{"type":"branch","line":1,"loc":{"start":{"line":1,"column":250},"end":{"line":12,"column":-231}},"locations":[{"start":{"line":1,"column":250},"end":{"line":12,"column":-231}}]}},"b":{"0":[0]},"fnMap":{"0":{"name":"(empty-report)","decl":{"start":{"line":1,"column":250},"end":{"line":12,"column":-231}},"loc":{"start":{"line":1,"column":250},"end":{"line":12,"column":-231}},"line":1}},"f":{"0":0}}
,"/home/aurore/Documents/cda-simplon-val/021-truckbusters/truckbusters_frontend/src/components/appointment/Appointment.jsx": {"path":"/home/aurore/Documents/cda-simplon-val/021-truckbusters/truckbusters_frontend/src/components/appointment/Appointment.jsx","all":false,"statementMap":{"0":{"start":{"line":1,"column":0},"end":{"line":1,"column":44}},"1":{"start":{"line":2,"column":0},"end":{"line":2,"column":42}},"2":{"start":{"line":3,"column":0},"end":{"line":3,"column":30}},"3":{"start":{"line":4,"column":0},"end":{"line":4,"column":49}},"4":{"start":{"line":5,"column":0},"end":{"line":5,"column":27}},"6":{"start":{"line":7,"column":0},"end":{"line":7,"column":16}},"7":{"start":{"line":8,"column":0},"end":{"line":8,"column":59}},"8":{"start":{"line":9,"column":0},"end":{"line":9,"column":52}},"9":{"start":{"line":10,"column":0},"end":{"line":10,"column":51}},"10":{"start":{"line":11,"column":0},"end":{"line":11,"column":73}},"11":{"start":{"line":12,"column":0},"end":{"line":12,"column":39}},"12":{"start":{"line":13,"column":0},"end":{"line":13,"column":54}},"13":{"start":{"line":14,"column":0},"end":{"line":14,"column":45}},"16":{"start":{"line":17,"column":0},"end":{"line":17,"column":50}},"17":{"start":{"line":18,"column":0},"end":{"line":18,"column":38}},"18":{"start":{"line":19,"column":0},"end":{"line":19,"column":7}},"20":{"start":{"line":21,"column":0},"end":{"line":21,"column":46}},"21":{"start":{"line":22,"column":0},"end":{"line":22,"column":30}},"22":{"start":{"line":23,"column":0},"end":{"line":23,"column":7}},"24":{"start":{"line":25,"column":0},"end":{"line":25,"column":52}},"25":{"start":{"line":26,"column":0},"end":{"line":26,"column":35}},"26":{"start":{"line":27,"column":0},"end":{"line":27,"column":6}},"28":{"start":{"line":29,"column":0},"end":{"line":29,"column":50}},"29":{"start":{"line":30,"column":0},"end":{"line":30,"column":33}},"30":{"start":{"line":31,"column":0},"end":{"line":31,"column":8}},"32":{"start":{"line":33,"column":0},"end":{"line":33,"column":44}},"33":{"start":{"line":34,"column":0},"end":{"line":34,"column":27}},"34":{"start":{"line":35,"column":0},"end":{"line":35,"column":23}},"36":{"start":{"line":37,"column":0},"end":{"line":37,"column":13}},"37":{"start":{"line":38,"column":0},"end":{"line":38,"column":149}},"38":{"start":{"line":39,"column":0},"end":{"line":39,"column":29}},"39":{"start":{"line":40,"column":0},"end":{"line":40,"column":52}},"40":{"start":{"line":41,"column":0},"end":{"line":41,"column":11}},"41":{"start":{"line":42,"column":0},"end":{"line":42,"column":47}},"42":{"start":{"line":43,"column":0},"end":{"line":43,"column":26}},"44":{"start":{"line":45,"column":0},"end":{"line":45,"column":25}},"45":{"start":{"line":46,"column":0},"end":{"line":46,"column":55}},"46":{"start":{"line":47,"column":0},"end":{"line":47,"column":26}},"47":{"start":{"line":48,"column":0},"end":{"line":48,"column":19}},"48":{"start":{"line":49,"column":0},"end":{"line":49,"column":30}},"49":{"start":{"line":50,"column":0},"end":{"line":50,"column":9}},"50":{"start":{"line":51,"column":0},"end":{"line":51,"column":8}},"52":{"start":{"line":53,"column":0},"end":{"line":53,"column":23}},"53":{"start":{"line":54,"column":0},"end":{"line":54,"column":27}},"54":{"start":{"line":55,"column":0},"end":{"line":55,"column":13}},"56":{"start":{"line":57,"column":0},"end":{"line":57,"column":38}},"57":{"start":{"line":58,"column":0},"end":{"line":58,"column":23}},"58":{"start":{"line":59,"column":0},"end":{"line":59,"column":6}},"60":{"start":{"line":61,"column":0},"end":{"line":61,"column":25}},"62":{"start":{"line":63,"column":0},"end":{"line":63,"column":17}},"63":{"start":{"line":64,"column":0},"end":{"line":64,"column":86}},"64":{"start":{"line":65,"column":0},"end":{"line":65,"column":33}},"65":{"start":{"line":66,"column":0},"end":{"line":66,"column":7}},"68":{"start":{"line":69,"column":0},"end":{"line":69,"column":33}},"71":{"start":{"line":72,"column":0},"end":{"line":72,"column":33}},"72":{"start":{"line":73,"column":0},"end":{"line":73,"column":38}},"74":{"start":{"line":75,"column":0},"end":{"line":75,"column":36}},"75":{"start":{"line":76,"column":0},"end":{"line":76,"column":14}},"77":{"start":{"line":78,"column":0},"end":{"line":78,"column":38}},"78":{"start":{"line":79,"column":0},"end":{"line":79,"column":7}},"79":{"start":{"line":80,"column":0},"end":{"line":80,"column":7}},"82":{"start":{"line":83,"column":0},"end":{"line":83,"column":108}},"84":{"start":{"line":85,"column":0},"end":{"line":85,"column":12}},"85":{"start":{"line":86,"column":0},"end":{"line":86,"column":8}},"86":{"start":{"line":87,"column":0},"end":{"line":87,"column":37}},"87":{"start":{"line":88,"column":0},"end":{"line":88,"column":69}},"88":{"start":{"line":89,"column":0},"end":{"line":89,"column":61}},"89":{"start":{"line":90,"column":0},"end":{"line":90,"column":14}},"91":{"start":{"line":92,"column":0},"end":{"line":92,"column":23}},"92":{"start":{"line":93,"column":0},"end":{"line":93,"column":35}},"93":{"start":{"line":94,"column":0},"end":{"line":94,"column":41}},"94":{"start":{"line":95,"column":0},"end":{"line":95,"column":16}},"97":{"start":{"line":98,"column":0},"end":{"line":98,"column":19}},"98":{"start":{"line":99,"column":0},"end":{"line":99,"column":22}},"99":{"start":{"line":100,"column":0},"end":{"line":100,"column":26}},"100":{"start":{"line":101,"column":0},"end":{"line":101,"column":38}},"101":{"start":{"line":102,"column":0},"end":{"line":102,"column":12}},"104":{"start":{"line":105,"column":0},"end":{"line":105,"column":34}},"105":{"start":{"line":106,"column":0},"end":{"line":106,"column":12}},"106":{"start":{"line":107,"column":0},"end":{"line":107,"column":304}},"107":{"start":{"line":108,"column":0},"end":{"line":108,"column":199}},"108":{"start":{"line":109,"column":0},"end":{"line":109,"column":13}},"111":{"start":{"line":112,"column":0},"end":{"line":112,"column":9}},"113":{"start":{"line":114,"column":0},"end":{"line":114,"column":3}},"115":{"start":{"line":116,"column":0},"end":{"line":116,"column":20}}},"s":{"0":1,"1":1,"2":1,"3":1,"4":1,"6":44,"7":44,"8":44,"9":44,"10":44,"11":44,"12":44,"13":44,"16":44,"17":2,"18":2,"20":44,"21":2,"22":2,"24":44,"25":2,"26":2,"28":44,"29":2,"30":2,"32":44,"33":14,"34":14,"36":14,"37":14,"38":14,"39":0,"40":0,"41":10,"42":10,"44":14,"45":4,"46":4,"47":14,"48":14,"49":14,"50":14,"52":44,"53":14,"54":44,"56":44,"57":1,"58":1,"60":44,"62":44,"63":12,"64":12,"65":12,"68":44,"71":44,"72":6,"74":0,"75":6,"77":6,"78":6,"79":44,"82":44,"84":44,"85":44,"86":44,"87":44,"88":44,"89":44,"91":44,"92":14,"93":14,"94":14,"97":44,"98":3,"99":3,"100":3,"101":3,"104":44,"105":27,"106":27,"107":27,"108":27,"111":44,"113":44,"115":1},"branchMap":{"0":{"type":"branch","line":7,"loc":{"start":{"line":7,"column":0},"end":{"line":114,"column":3}},"locations":[{"start":{"line":7,"column":0},"end":{"line":114,"column":3}}]},"1":{"type":"branch","line":63,"loc":{"start":{"line":63,"column":16},"end":{"line":66,"column":7}},"locations":[{"start":{"line":63,"column":16},"end":{"line":66,"column":7}}]},"2":{"type":"branch","line":92,"loc":{"start":{"line":92,"column":9},"end":{"line":95,"column":16}},"locations":[{"start":{"line":92,"column":9},"end":{"line":95,"column":16}}]},"3":{"type":"branch","line":98,"loc":{"start":{"line":98,"column":9},"end":{"line":102,"column":12}},"locations":[{"start":{"line":98,"column":9},"end":{"line":102,"column":12}}]},"4":{"type":"branch","line":105,"loc":{"start":{"line":105,"column":10},"end":{"line":105,"column":34}},"locations":[{"start":{"line":105,"column":10},"end":{"line":105,"column":34}}]},"5":{"type":"branch","line":105,"loc":{"start":{"line":105,"column":24},"end":{"line":109,"column":13}},"locations":[{"start":{"line":105,"column":24},"end":{"line":109,"column":13}}]},"6":{"type":"branch","line":17,"loc":{"start":{"line":17,"column":43},"end":{"line":19,"column":7}},"locations":[{"start":{"line":17,"column":43},"end":{"line":19,"column":7}}]},"7":{"type":"branch","line":21,"loc":{"start":{"line":21,"column":39},"end":{"line":23,"column":7}},"locations":[{"start":{"line":21,"column":39},"end":{"line":23,"column":7}}]},"8":{"type":"branch","line":25,"loc":{"start":{"line":25,"column":33},"end":{"line":27,"column":6}},"locations":[{"start":{"line":25,"column":33},"end":{"line":27,"column":6}}]},"9":{"type":"branch","line":29,"loc":{"start":{"line":29,"column":32},"end":{"line":31,"column":8}},"locations":[{"start":{"line":29,"column":32},"end":{"line":31,"column":8}}]},"10":{"type":"branch","line":33,"loc":{"start":{"line":33,"column":31},"end":{"line":51,"column":8}},"locations":[{"start":{"line":33,"column":31},"end":{"line":51,"column":8}}]},"11":{"type":"branch","line":38,"loc":{"start":{"line":38,"column":147},"end":{"line":39,"column":28}},"locations":[{"start":{"line":38,"column":147},"end":{"line":39,"column":28}}]},"12":{"type":"branch","line":39,"loc":{"start":{"line":39,"column":28},"end":{"line":41,"column":11}},"locations":[{"start":{"line":39,"column":28},"end":{"line":41,"column":11}}]},"13":{"type":"branch","line":41,"loc":{"start":{"line":41,"column":10},"end":{"line":45,"column":17}},"locations":[{"start":{"line":41,"column":10},"end":{"line":45,"column":17}}]},"14":{"type":"branch","line":45,"loc":{"start":{"line":45,"column":8},"end":{"line":48,"column":10}},"locations":[{"start":{"line":45,"column":8},"end":{"line":48,"column":10}}]},"15":{"type":"branch","line":53,"loc":{"start":{"line":53,"column":16},"end":{"line":55,"column":9}},"locations":[{"start":{"line":53,"column":16},"end":{"line":55,"column":9}}]},"16":{"type":"branch","line":57,"loc":{"start":{"line":57,"column":31},"end":{"line":59,"column":6}},"locations":[{"start":{"line":57,"column":31},"end":{"line":59,"column":6}}]},"17":{"type":"branch","line":64,"loc":{"start":{"line":64,"column":51},"end":{"line":64,"column":84}},"locations":[{"start":{"line":64,"column":51},"end":{"line":64,"column":84}}]},"18":{"type":"branch","line":72,"loc":{"start":{"line":72,"column":22},"end":{"line":80,"column":5}},"locations":[{"start":{"line":72,"column":22},"end":{"line":80,"column":5}}]},"19":{"type":"branch","line":73,"loc":{"start":{"line":73,"column":37},"end":{"line":76,"column":13}},"locations":[{"start":{"line":73,"column":37},"end":{"line":76,"column":13}}]},"20":{"type":"branch","line":83,"loc":{"start":{"line":83,"column":67},"end":{"line":83,"column":106}},"locations":[{"start":{"line":83,"column":67},"end":{"line":83,"column":106}}]}},"b":{"0":[44],"1":[12],"2":[14],"3":[3],"4":[30],"5":[27],"6":[2],"7":[2],"8":[2],"9":[2],"10":[14],"11":[11],"12":[0],"13":[10],"14":[4],"15":[14],"16":[1],"17":[6],"18":[6],"19":[0],"20":[6]},"fnMap":{"0":{"name":"App","decl":{"start":{"line":7,"column":0},"end":{"line":114,"column":3}},"loc":{"start":{"line":7,"column":0},"end":{"line":114,"column":3}},"line":7},"1":{"name":"handleToggleCalendarVisibility","decl":{"start":{"line":17,"column":43},"end":{"line":19,"column":7}},"loc":{"start":{"line":17,"column":43},"end":{"line":19,"column":7}},"line":17},"2":{"name":"handleToggleFormVisibility","decl":{"start":{"line":21,"column":39},"end":{"line":23,"column":7}},"loc":{"start":{"line":21,"column":39},"end":{"line":23,"column":7}},"line":21},"3":{"name":"updateFrontDateState","decl":{"start":{"line":25,"column":33},"end":{"line":27,"column":6}},"loc":{"start":{"line":25,"column":33},"end":{"line":27,"column":6}},"line":25},"4":{"name":"updateBackDateState","decl":{"start":{"line":29,"column":32},"end":{"line":31,"column":8}},"loc":{"start":{"line":29,"column":32},"end":{"line":31,"column":8}},"line":29},"5":{"name":"fetchAppointment","decl":{"start":{"line":33,"column":31},"end":{"line":51,"column":8}},"loc":{"start":{"line":33,"column":31},"end":{"line":51,"column":8}},"line":33},"6":{"name":"handleCloseError","decl":{"start":{"line":57,"column":31},"end":{"line":59,"column":6}},"loc":{"start":{"line":57,"column":31},"end":{"line":59,"column":6}},"line":57}},"f":{"0":44,"1":2,"2":2,"3":2,"4":2,"5":14,"6":1}}
,"/home/aurore/Documents/cda-simplon-val/021-truckbusters/truckbusters_frontend/src/components/appointment/calendar/Calendar.jsx": {"path":"/home/aurore/Documents/cda-simplon-val/021-truckbusters/truckbusters_frontend/src/components/appointment/calendar/Calendar.jsx","all":false,"statementMap":{"0":{"start":{"line":1,"column":0},"end":{"line":1,"column":33}},"1":{"start":{"line":2,"column":0},"end":{"line":2,"column":36}},"2":{"start":{"line":3,"column":0},"end":{"line":3,"column":36}},"3":{"start":{"line":4,"column":0},"end":{"line":4,"column":24}},"4":{"start":{"line":5,"column":0},"end":{"line":5,"column":61}},"5":{"start":{"line":6,"column":0},"end":{"line":6,"column":66}},"6":{"start":{"line":7,"column":0},"end":{"line":7,"column":63}},"7":{"start":{"line":8,"column":0},"end":{"line":8,"column":39}},"9":{"start":{"line":10,"column":0},"end":{"line":10,"column":27}},"10":{"start":{"line":11,"column":0},"end":{"line":11,"column":29}},"11":{"start":{"line":12,"column":0},"end":{"line":12,"column":28}},"12":{"start":{"line":13,"column":0},"end":{"line":13,"column":24}},"15":{"start":{"line":16,"column":0},"end":{"line":16,"column":18}},"17":{"start":{"line":18,"column":0},"end":{"line":18,"column":29}},"18":{"start":{"line":19,"column":0},"end":{"line":19,"column":153}},"20":{"start":{"line":21,"column":0},"end":{"line":21,"column":60}},"22":{"start":{"line":23,"column":0},"end":{"line":23,"column":52}},"23":{"start":{"line":24,"column":0},"end":{"line":24,"column":62}},"25":{"start":{"line":26,"column":0},"end":{"line":26,"column":40}},"28":{"start":{"line":29,"column":0},"end":{"line":29,"column":65}},"31":{"start":{"line":32,"column":0},"end":{"line":32,"column":66}},"34":{"start":{"line":35,"column":0},"end":{"line":35,"column":93}},"37":{"start":{"line":38,"column":0},"end":{"line":38,"column":93}},"40":{"start":{"line":41,"column":0},"end":{"line":41,"column":99}},"42":{"start":{"line":43,"column":0},"end":{"line":43,"column":43}},"43":{"start":{"line":44,"column":0},"end":{"line":44,"column":33}},"44":{"start":{"line":45,"column":0},"end":{"line":45,"column":23}},"45":{"start":{"line":46,"column":0},"end":{"line":46,"column":4}},"47":{"start":{"line":48,"column":0},"end":{"line":48,"column":10}},"48":{"start":{"line":49,"column":0},"end":{"line":49,"column":63}},"49":{"start":{"line":50,"column":0},"end":{"line":50,"column":602}},"50":{"start":{"line":51,"column":0},"end":{"line":51,"column":53}},"51":{"start":{"line":52,"column":0},"end":{"line":52,"column":144}},"52":{"start":{"line":53,"column":0},"end":{"line":53,"column":47}},"53":{"start":{"line":54,"column":0},"end":{"line":54,"column":17}},"54":{"start":{"line":55,"column":0},"end":{"line":55,"column":326}},"55":{"start":{"line":56,"column":0},"end":{"line":56,"column":302}},"57":{"start":{"line":58,"column":0},"end":{"line":58,"column":317}},"58":{"start":{"line":59,"column":0},"end":{"line":59,"column":19}},"59":{"start":{"line":60,"column":0},"end":{"line":60,"column":168}},"60":{"start":{"line":61,"column":0},"end":{"line":61,"column":126}},"61":{"start":{"line":62,"column":0},"end":{"line":62,"column":86}},"62":{"start":{"line":63,"column":0},"end":{"line":63,"column":19}},"63":{"start":{"line":64,"column":0},"end":{"line":64,"column":14}},"64":{"start":{"line":65,"column":0},"end":{"line":65,"column":91}},"65":{"start":{"line":66,"column":0},"end":{"line":66,"column":12}},"66":{"start":{"line":67,"column":0},"end":{"line":67,"column":38}},"67":{"start":{"line":68,"column":0},"end":{"line":68,"column":31}},"68":{"start":{"line":69,"column":0},"end":{"line":69,"column":29}},"69":{"start":{"line":70,"column":0},"end":{"line":70,"column":52}},"70":{"start":{"line":71,"column":0},"end":{"line":71,"column":27}},"71":{"start":{"line":72,"column":0},"end":{"line":72,"column":9}},"73":{"start":{"line":74,"column":0},"end":{"line":74,"column":46}},"74":{"start":{"line":75,"column":0},"end":{"line":75,"column":48}},"75":{"start":{"line":76,"column":0},"end":{"line":76,"column":27}},"76":{"start":{"line":77,"column":0},"end":{"line":77,"column":11}},"77":{"start":{"line":78,"column":0},"end":{"line":78,"column":11}},"79":{"start":{"line":80,"column":0},"end":{"line":80,"column":32}},"80":{"start":{"line":81,"column":0},"end":{"line":81,"column":19}},"81":{"start":{"line":82,"column":0},"end":{"line":82,"column":209}},"82":{"start":{"line":83,"column":0},"end":{"line":83,"column":66}},"83":{"start":{"line":84,"column":0},"end":{"line":84,"column":338}},"85":{"start":{"line":86,"column":0},"end":{"line":86,"column":93}},"86":{"start":{"line":87,"column":0},"end":{"line":87,"column":234}},"87":{"start":{"line":88,"column":0},"end":{"line":88,"column":18}},"88":{"start":{"line":89,"column":0},"end":{"line":89,"column":103}},"90":{"start":{"line":91,"column":0},"end":{"line":91,"column":18}},"91":{"start":{"line":92,"column":0},"end":{"line":92,"column":19}},"94":{"start":{"line":95,"column":0},"end":{"line":95,"column":9}},"96":{"start":{"line":97,"column":0},"end":{"line":97,"column":16}},"97":{"start":{"line":98,"column":0},"end":{"line":98,"column":207}},"98":{"start":{"line":99,"column":0},"end":{"line":99,"column":66}},"99":{"start":{"line":100,"column":0},"end":{"line":100,"column":313}},"100":{"start":{"line":101,"column":0},"end":{"line":101,"column":46}},"101":{"start":{"line":102,"column":0},"end":{"line":102,"column":85}},"102":{"start":{"line":103,"column":0},"end":{"line":103,"column":59}},"103":{"start":{"line":104,"column":0},"end":{"line":104,"column":234}},"104":{"start":{"line":105,"column":0},"end":{"line":105,"column":18}},"105":{"start":{"line":106,"column":0},"end":{"line":106,"column":64}},"106":{"start":{"line":107,"column":0},"end":{"line":107,"column":143}},"108":{"start":{"line":109,"column":0},"end":{"line":109,"column":100}},"110":{"start":{"line":111,"column":0},"end":{"line":111,"column":18}},"111":{"start":{"line":112,"column":0},"end":{"line":112,"column":19}},"113":{"start":{"line":114,"column":0},"end":{"line":114,"column":13}},"114":{"start":{"line":115,"column":0},"end":{"line":115,"column":12}},"115":{"start":{"line":116,"column":0},"end":{"line":116,"column":10}},"116":{"start":{"line":117,"column":0},"end":{"line":117,"column":8}},"118":{"start":{"line":119,"column":0},"end":{"line":119,"column":2}},"120":{"start":{"line":121,"column":0},"end":{"line":121,"column":23}}},"s":{"0":1,"1":1,"2":1,"3":1,"4":1,"5":1,"6":1,"7":1,"9":1,"10":1,"11":1,"12":1,"15":1,"17":1,"18":37,"20":37,"22":37,"23":37,"25":37,"28":37,"31":37,"34":37,"37":37,"40":37,"42":37,"43":3,"44":3,"45":3,"47":37,"48":37,"49":37,"50":37,"51":37,"52":37,"53":37,"54":37,"55":37,"57":37,"58":37,"59":37,"60":37,"61":37,"62":37,"63":37,"64":37,"65":37,"66":37,"67":37,"68":1554,"69":1554,"70":222,"71":222,"73":1554,"74":0,"75":0,"76":0,"77":1554,"79":1554,"80":0,"81":0,"82":0,"83":0,"85":0,"86":0,"87":0,"88":0,"90":0,"91":0,"94":0,"96":1554,"97":1554,"98":1554,"99":1554,"100":1554,"101":1554,"102":1554,"103":1554,"104":1554,"105":1554,"106":1554,"108":1332,"110":1554,"111":1554,"113":37,"114":37,"115":37,"116":37,"118":37,"120":1},"branchMap":{"0":{"type":"branch","line":18,"loc":{"start":{"line":18,"column":17},"end":{"line":119,"column":2}},"locations":[{"start":{"line":18,"column":17},"end":{"line":119,"column":2}}]},"1":{"type":"branch","line":49,"loc":{"start":{"line":49,"column":25},"end":{"line":49,"column":53}},"locations":[{"start":{"line":49,"column":25},"end":{"line":49,"column":53}}]},"2":{"type":"branch","line":49,"loc":{"start":{"line":49,"column":43},"end":{"line":49,"column":60}},"locations":[{"start":{"line":49,"column":43},"end":{"line":49,"column":60}}]},"3":{"type":"branch","line":55,"loc":{"start":{"line":55,"column":276},"end":{"line":55,"column":323}},"locations":[{"start":{"line":55,"column":276},"end":{"line":55,"column":323}}]},"4":{"type":"branch","line":58,"loc":{"start":{"line":58,"column":286},"end":{"line":58,"column":302}},"locations":[{"start":{"line":58,"column":286},"end":{"line":58,"column":302}}]},"5":{"type":"branch","line":43,"loc":{"start":{"line":43,"column":25},"end":{"line":46,"column":4}},"locations":[{"start":{"line":43,"column":25},"end":{"line":46,"column":4}}]},"6":{"type":"branch","line":50,"loc":{"start":{"line":50,"column":234},"end":{"line":50,"column":261}},"locations":[{"start":{"line":50,"column":234},"end":{"line":50,"column":261}}]},"7":{"type":"branch","line":68,"loc":{"start":{"line":68,"column":20},"end":{"line":114,"column":11}},"locations":[{"start":{"line":68,"column":20},"end":{"line":114,"column":11}}]},"8":{"type":"branch","line":70,"loc":{"start":{"line":70,"column":51},"end":{"line":72,"column":9}},"locations":[{"start":{"line":70,"column":51},"end":{"line":72,"column":9}}]},"9":{"type":"branch","line":80,"loc":{"start":{"line":80,"column":31},"end":{"line":95,"column":9}},"locations":[{"start":{"line":80,"column":31},"end":{"line":95,"column":9}}]},"10":{"type":"branch","line":98,"loc":{"start":{"line":98,"column":196},"end":{"line":98,"column":204}},"locations":[{"start":{"line":98,"column":196},"end":{"line":98,"column":204}}]},"11":{"type":"branch","line":98,"loc":{"start":{"line":98,"column":199},"end":{"line":98,"column":207}},"locations":[{"start":{"line":98,"column":199},"end":{"line":98,"column":207}}]},"12":{"type":"branch","line":99,"loc":{"start":{"line":99,"column":53},"end":{"line":99,"column":64}},"locations":[{"start":{"line":99,"column":53},"end":{"line":99,"column":64}}]},"13":{"type":"branch","line":99,"loc":{"start":{"line":99,"column":56},"end":{"line":99,"column":66}},"locations":[{"start":{"line":99,"column":56},"end":{"line":99,"column":66}}]},"14":{"type":"branch","line":100,"loc":{"start":{"line":100,"column":86},"end":{"line":100,"column":123}},"locations":[{"start":{"line":100,"column":86},"end":{"line":100,"column":123}}]},"15":{"type":"branch","line":100,"loc":{"start":{"line":100,"column":90},"end":{"line":100,"column":125}},"locations":[{"start":{"line":100,"column":90},"end":{"line":100,"column":125}}]},"16":{"type":"branch","line":100,"loc":{"start":{"line":100,"column":168},"end":{"line":100,"column":267}},"locations":[{"start":{"line":100,"column":168},"end":{"line":100,"column":267}}]},"17":{"type":"branch","line":100,"loc":{"start":{"line":100,"column":262},"end":{"line":100,"column":308}},"locations":[{"start":{"line":100,"column":262},"end":{"line":100,"column":308}}]},"18":{"type":"branch","line":100,"loc":{"start":{"line":100,"column":267},"end":{"line":100,"column":310}},"locations":[{"start":{"line":100,"column":267},"end":{"line":100,"column":310}}]},"19":{"type":"branch","line":104,"loc":{"start":{"line":104,"column":127},"end":{"line":104,"column":138}},"locations":[{"start":{"line":104,"column":127},"end":{"line":104,"column":138}}]},"20":{"type":"branch","line":104,"loc":{"start":{"line":104,"column":130},"end":{"line":104,"column":140}},"locations":[{"start":{"line":104,"column":130},"end":{"line":104,"column":140}}]},"21":{"type":"branch","line":107,"loc":{"start":{"line":107,"column":52},"end":{"line":107,"column":143}},"locations":[{"start":{"line":107,"column":52},"end":{"line":107,"column":143}}]},"22":{"type":"branch","line":107,"loc":{"start":{"line":107,"column":139},"end":{"line":109,"column":100}},"locations":[{"start":{"line":107,"column":139},"end":{"line":109,"column":100}}]},"23":{"type":"branch","line":101,"loc":{"start":{"line":101,"column":19},"end":{"line":101,"column":46}},"locations":[{"start":{"line":101,"column":19},"end":{"line":101,"column":46}}]}},"b":{"0":[37],"1":[35],"2":[2],"3":[0],"4":[0],"5":[3],"6":[2],"7":[1554],"8":[222],"9":[0],"10":[444],"11":[1110],"12":[222],"13":[1332],"14":[444],"15":[1110],"16":[444],"17":[444],"18":[1110],"19":[444],"20":[1110],"21":[222],"22":[1332],"23":[3]},"fnMap":{"0":{"name":"Calendar","decl":{"start":{"line":18,"column":17},"end":{"line":119,"column":2}},"loc":{"start":{"line":18,"column":17},"end":{"line":119,"column":2}},"line":18},"1":{"name":"handleDayClick","decl":{"start":{"line":43,"column":25},"end":{"line":46,"column":4}},"loc":{"start":{"line":43,"column":25},"end":{"line":46,"column":4}},"line":43},"2":{"name":"onClose","decl":{"start":{"line":50,"column":234},"end":{"line":50,"column":261}},"loc":{"start":{"line":50,"column":234},"end":{"line":50,"column":261}},"line":50},"3":{"name":"onClick","decl":{"start":{"line":56,"column":19},"end":{"line":56,"column":302}},"loc":{"start":{"line":56,"column":19},"end":{"line":56,"column":302}},"line":56},"4":{"name":"onClick","decl":{"start":{"line":61,"column":69},"end":{"line":61,"column":126}},"loc":{"start":{"line":61,"column":69},"end":{"line":61,"column":126}},"line":61},"5":{"name":"onClick","decl":{"start":{"line":101,"column":19},"end":{"line":101,"column":46}},"loc":{"start":{"line":101,"column":19},"end":{"line":101,"column":46}},"line":101}},"f":{"0":37,"1":3,"2":2,"3":0,"4":0,"5":3}}
,"/home/aurore/Documents/cda-simplon-val/021-truckbusters/truckbusters_frontend/src/components/appointment/error-modal/ErrorModal.jsx": {"path":"/home/aurore/Documents/cda-simplon-val/021-truckbusters/truckbusters_frontend/src/components/appointment/error-modal/ErrorModal.jsx","all":false,"statementMap":{"0":{"start":{"line":1,"column":0},"end":{"line":1,"column":27}},"2":{"start":{"line":3,"column":0},"end":{"line":3,"column":43}},"3":{"start":{"line":4,"column":0},"end":{"line":4,"column":27}},"5":{"start":{"line":6,"column":0},"end":{"line":6,"column":12}},"6":{"start":{"line":7,"column":0},"end":{"line":7,"column":63}},"7":{"start":{"line":8,"column":0},"end":{"line":8,"column":50}},"8":{"start":{"line":9,"column":0},"end":{"line":9,"column":44}},"9":{"start":{"line":10,"column":0},"end":{"line":10,"column":105}},"10":{"start":{"line":11,"column":0},"end":{"line":11,"column":54}},"11":{"start":{"line":12,"column":0},"end":{"line":12,"column":118}},"13":{"start":{"line":14,"column":0},"end":{"line":14,"column":29}},"14":{"start":{"line":15,"column":0},"end":{"line":15,"column":22}},"15":{"start":{"line":16,"column":0},"end":{"line":16,"column":18}},"16":{"start":{"line":17,"column":0},"end":{"line":17,"column":14}},"18":{"start":{"line":19,"column":0},"end":{"line":19,"column":2}},"20":{"start":{"line":21,"column":0},"end":{"line":21,"column":26}}},"s":{"0":1,"2":1,"3":4,"5":4,"6":4,"7":4,"8":4,"9":4,"10":4,"11":4,"13":4,"14":4,"15":4,"16":4,"18":4,"20":1},"branchMap":{"0":{"type":"branch","line":3,"loc":{"start":{"line":3,"column":19},"end":{"line":19,"column":2}},"locations":[{"start":{"line":3,"column":19},"end":{"line":19,"column":2}}]},"1":{"type":"branch","line":4,"loc":{"start":{"line":4,"column":15},"end":{"line":4,"column":27}},"locations":[{"start":{"line":4,"column":15},"end":{"line":4,"column":27}}]}},"b":{"0":[4],"1":[0]},"fnMap":{"0":{"name":"ErrorModal","decl":{"start":{"line":3,"column":19},"end":{"line":19,"column":2}},"loc":{"start":{"line":3,"column":19},"end":{"line":19,"column":2}},"line":3}},"f":{"0":4}}
,"/home/aurore/Documents/cda-simplon-val/021-truckbusters/truckbusters_frontend/src/components/appointment/form/Form.jsx": {"path":"/home/aurore/Documents/cda-simplon-val/021-truckbusters/truckbusters_frontend/src/components/appointment/form/Form.jsx","all":false,"statementMap":{"0":{"start":{"line":1,"column":0},"end":{"line":1,"column":52}},"1":{"start":{"line":2,"column":0},"end":{"line":2,"column":20}},"4":{"start":{"line":5,"column":0},"end":{"line":5,"column":25}},"5":{"start":{"line":6,"column":0},"end":{"line":6,"column":108}},"7":{"start":{"line":8,"column":0},"end":{"line":8,"column":50}},"9":{"start":{"line":10,"column":0},"end":{"line":10,"column":39}},"10":{"start":{"line":11,"column":0},"end":{"line":11,"column":45}},"11":{"start":{"line":12,"column":0},"end":{"line":12,"column":26}},"12":{"start":{"line":13,"column":0},"end":{"line":13,"column":38}},"13":{"start":{"line":14,"column":0},"end":{"line":14,"column":21}},"14":{"start":{"line":15,"column":0},"end":{"line":15,"column":11}},"15":{"start":{"line":16,"column":0},"end":{"line":16,"column":6}},"17":{"start":{"line":18,"column":0},"end":{"line":18,"column":45}},"19":{"start":{"line":20,"column":0},"end":{"line":20,"column":33}},"21":{"start":{"line":22,"column":0},"end":{"line":22,"column":29}},"22":{"start":{"line":23,"column":0},"end":{"line":23,"column":22}},"23":{"start":{"line":24,"column":0},"end":{"line":24,"column":27}},"24":{"start":{"line":25,"column":0},"end":{"line":25,"column":45}},"25":{"start":{"line":26,"column":0},"end":{"line":26,"column":61}},"26":{"start":{"line":27,"column":0},"end":{"line":27,"column":10}},"27":{"start":{"line":28,"column":0},"end":{"line":28,"column":23}},"28":{"start":{"line":29,"column":0},"end":{"line":29,"column":27}},"29":{"start":{"line":30,"column":0},"end":{"line":30,"column":48}},"30":{"start":{"line":31,"column":0},"end":{"line":31,"column":63}},"31":{"start":{"line":32,"column":0},"end":{"line":32,"column":10}},"32":{"start":{"line":33,"column":0},"end":{"line":33,"column":23}},"33":{"start":{"line":34,"column":0},"end":{"line":34,"column":26}},"34":{"start":{"line":35,"column":0},"end":{"line":35,"column":49}},"35":{"start":{"line":36,"column":0},"end":{"line":36,"column":67}},"36":{"start":{"line":37,"column":0},"end":{"line":37,"column":10}},"37":{"start":{"line":38,"column":0},"end":{"line":38,"column":25}},"38":{"start":{"line":39,"column":0},"end":{"line":39,"column":26}},"39":{"start":{"line":40,"column":0},"end":{"line":40,"column":41}},"40":{"start":{"line":41,"column":0},"end":{"line":41,"column":59}},"41":{"start":{"line":42,"column":0},"end":{"line":42,"column":10}},"42":{"start":{"line":43,"column":0},"end":{"line":43,"column":26}},"43":{"start":{"line":44,"column":0},"end":{"line":44,"column":26}},"44":{"start":{"line":45,"column":0},"end":{"line":45,"column":41}},"45":{"start":{"line":46,"column":0},"end":{"line":46,"column":62}},"46":{"start":{"line":47,"column":0},"end":{"line":47,"column":10}},"47":{"start":{"line":48,"column":0},"end":{"line":48,"column":22}},"48":{"start":{"line":49,"column":0},"end":{"line":49,"column":26}},"49":{"start":{"line":50,"column":0},"end":{"line":50,"column":49}},"50":{"start":{"line":51,"column":0},"end":{"line":51,"column":65}},"51":{"start":{"line":52,"column":0},"end":{"line":52,"column":10}},"52":{"start":{"line":53,"column":0},"end":{"line":53,"column":21}},"53":{"start":{"line":54,"column":0},"end":{"line":54,"column":26}},"54":{"start":{"line":55,"column":0},"end":{"line":55,"column":43}},"55":{"start":{"line":56,"column":0},"end":{"line":56,"column":61}},"56":{"start":{"line":57,"column":0},"end":{"line":57,"column":10}},"57":{"start":{"line":58,"column":0},"end":{"line":58,"column":21}},"58":{"start":{"line":59,"column":0},"end":{"line":59,"column":26}},"59":{"start":{"line":60,"column":0},"end":{"line":60,"column":44}},"60":{"start":{"line":61,"column":0},"end":{"line":61,"column":58}},"61":{"start":{"line":62,"column":0},"end":{"line":62,"column":10}},"62":{"start":{"line":63,"column":0},"end":{"line":63,"column":28}},"63":{"start":{"line":64,"column":0},"end":{"line":64,"column":26}},"64":{"start":{"line":65,"column":0},"end":{"line":65,"column":45}},"65":{"start":{"line":66,"column":0},"end":{"line":66,"column":79}},"66":{"start":{"line":67,"column":0},"end":{"line":67,"column":9}},"67":{"start":{"line":68,"column":0},"end":{"line":68,"column":6}},"69":{"start":{"line":70,"column":0},"end":{"line":70,"column":49}},"70":{"start":{"line":71,"column":0},"end":{"line":71,"column":49}},"71":{"start":{"line":72,"column":0},"end":{"line":72,"column":32}},"73":{"start":{"line":74,"column":0},"end":{"line":74,"column":45}},"74":{"start":{"line":75,"column":0},"end":{"line":75,"column":81}},"75":{"start":{"line":76,"column":0},"end":{"line":76,"column":9}},"77":{"start":{"line":78,"column":0},"end":{"line":78,"column":48}},"78":{"start":{"line":79,"column":0},"end":{"line":79,"column":33}},"79":{"start":{"line":80,"column":0},"end":{"line":80,"column":9}},"80":{"start":{"line":81,"column":0},"end":{"line":81,"column":20}},"81":{"start":{"line":82,"column":0},"end":{"line":82,"column":6}},"83":{"start":{"line":84,"column":0},"end":{"line":84,"column":21}},"84":{"start":{"line":85,"column":0},"end":{"line":85,"column":37}},"86":{"start":{"line":87,"column":0},"end":{"line":87,"column":94}},"88":{"start":{"line":89,"column":0},"end":{"line":89,"column":42}},"89":{"start":{"line":90,"column":0},"end":{"line":90,"column":32}},"90":{"start":{"line":91,"column":0},"end":{"line":91,"column":26}},"91":{"start":{"line":92,"column":0},"end":{"line":92,"column":38}},"92":{"start":{"line":93,"column":0},"end":{"line":93,"column":21}},"93":{"start":{"line":94,"column":0},"end":{"line":94,"column":11}},"94":{"start":{"line":95,"column":0},"end":{"line":95,"column":8}},"95":{"start":{"line":96,"column":0},"end":{"line":96,"column":9}},"96":{"start":{"line":97,"column":0},"end":{"line":97,"column":26}},"98":{"start":{"line":99,"column":0},"end":{"line":99,"column":32}},"99":{"start":{"line":100,"column":0},"end":{"line":100,"column":29}},"101":{"start":{"line":102,"column":0},"end":{"line":102,"column":24}},"102":{"start":{"line":103,"column":0},"end":{"line":103,"column":94}},"103":{"start":{"line":104,"column":0},"end":{"line":104,"column":96}},"104":{"start":{"line":105,"column":0},"end":{"line":105,"column":96}},"105":{"start":{"line":106,"column":0},"end":{"line":106,"column":100}},"106":{"start":{"line":107,"column":0},"end":{"line":107,"column":102}},"107":{"start":{"line":108,"column":0},"end":{"line":108,"column":94}},"108":{"start":{"line":109,"column":0},"end":{"line":109,"column":92}},"109":{"start":{"line":110,"column":0},"end":{"line":110,"column":92}},"110":{"start":{"line":111,"column":0},"end":{"line":111,"column":100}},"111":{"start":{"line":112,"column":0},"end":{"line":112,"column":10}},"113":{"start":{"line":114,"column":0},"end":{"line":114,"column":50}},"114":{"start":{"line":115,"column":0},"end":{"line":115,"column":70}},"115":{"start":{"line":116,"column":0},"end":{"line":116,"column":24}},"116":{"start":{"line":117,"column":0},"end":{"line":117,"column":45}},"117":{"start":{"line":118,"column":0},"end":{"line":118,"column":13}},"118":{"start":{"line":119,"column":0},"end":{"line":119,"column":11}},"120":{"start":{"line":121,"column":0},"end":{"line":121,"column":29}},"121":{"start":{"line":122,"column":0},"end":{"line":122,"column":51}},"122":{"start":{"line":123,"column":0},"end":{"line":123,"column":6}},"124":{"start":{"line":125,"column":0},"end":{"line":125,"column":43}},"126":{"start":{"line":127,"column":0},"end":{"line":127,"column":31}},"128":{"start":{"line":129,"column":0},"end":{"line":129,"column":30}},"129":{"start":{"line":130,"column":0},"end":{"line":130,"column":70}},"130":{"start":{"line":131,"column":0},"end":{"line":131,"column":19}},"131":{"start":{"line":132,"column":0},"end":{"line":132,"column":9}},"133":{"start":{"line":134,"column":0},"end":{"line":134,"column":13}},"134":{"start":{"line":135,"column":0},"end":{"line":135,"column":154}},"135":{"start":{"line":136,"column":0},"end":{"line":136,"column":27}},"136":{"start":{"line":137,"column":0},"end":{"line":137,"column":22}},"137":{"start":{"line":138,"column":0},"end":{"line":138,"column":48}},"138":{"start":{"line":139,"column":0},"end":{"line":139,"column":14}},"139":{"start":{"line":140,"column":0},"end":{"line":140,"column":34}},"140":{"start":{"line":141,"column":0},"end":{"line":141,"column":58}},"141":{"start":{"line":142,"column":0},"end":{"line":142,"column":30}},"142":{"start":{"line":143,"column":0},"end":{"line":143,"column":88}},"143":{"start":{"line":144,"column":0},"end":{"line":144,"column":90}},"144":{"start":{"line":145,"column":0},"end":{"line":145,"column":89}},"145":{"start":{"line":146,"column":0},"end":{"line":146,"column":19}},"146":{"start":{"line":147,"column":0},"end":{"line":147,"column":29}},"147":{"start":{"line":148,"column":0},"end":{"line":148,"column":95}},"148":{"start":{"line":149,"column":0},"end":{"line":149,"column":97}},"149":{"start":{"line":150,"column":0},"end":{"line":150,"column":88}},"150":{"start":{"line":151,"column":0},"end":{"line":151,"column":18}},"151":{"start":{"line":152,"column":0},"end":{"line":152,"column":28}},"152":{"start":{"line":153,"column":0},"end":{"line":153,"column":88}},"153":{"start":{"line":154,"column":0},"end":{"line":154,"column":88}},"154":{"start":{"line":155,"column":0},"end":{"line":155,"column":97}},"155":{"start":{"line":156,"column":0},"end":{"line":156,"column":17}},"156":{"start":{"line":157,"column":0},"end":{"line":157,"column":16}},"157":{"start":{"line":158,"column":0},"end":{"line":158,"column":13}},"159":{"start":{"line":160,"column":0},"end":{"line":160,"column":33}},"160":{"start":{"line":161,"column":0},"end":{"line":161,"column":51}},"161":{"start":{"line":162,"column":0},"end":{"line":162,"column":18}},"162":{"start":{"line":163,"column":0},"end":{"line":163,"column":36}},"163":{"start":{"line":164,"column":0},"end":{"line":164,"column":94}},"164":{"start":{"line":165,"column":0},"end":{"line":165,"column":11}},"166":{"start":{"line":167,"column":0},"end":{"line":167,"column":25}},"167":{"start":{"line":168,"column":0},"end":{"line":168,"column":41}},"168":{"start":{"line":169,"column":0},"end":{"line":169,"column":9}},"169":{"start":{"line":170,"column":0},"end":{"line":170,"column":8}},"171":{"start":{"line":172,"column":0},"end":{"line":172,"column":23}},"172":{"start":{"line":173,"column":0},"end":{"line":173,"column":46}},"173":{"start":{"line":174,"column":0},"end":{"line":174,"column":15}},"174":{"start":{"line":175,"column":0},"end":{"line":175,"column":151}},"175":{"start":{"line":176,"column":0},"end":{"line":176,"column":31}},"176":{"start":{"line":177,"column":0},"end":{"line":177,"column":54}},"177":{"start":{"line":178,"column":0},"end":{"line":178,"column":13}},"178":{"start":{"line":179,"column":0},"end":{"line":179,"column":49}},"179":{"start":{"line":180,"column":0},"end":{"line":180,"column":28}},"181":{"start":{"line":182,"column":0},"end":{"line":182,"column":23}},"182":{"start":{"line":183,"column":0},"end":{"line":183,"column":27}},"183":{"start":{"line":184,"column":0},"end":{"line":184,"column":57}},"184":{"start":{"line":185,"column":0},"end":{"line":185,"column":11}},"185":{"start":{"line":186,"column":0},"end":{"line":186,"column":10}},"187":{"start":{"line":188,"column":0},"end":{"line":188,"column":27}},"188":{"start":{"line":189,"column":0},"end":{"line":189,"column":13}},"190":{"start":{"line":191,"column":0},"end":{"line":191,"column":12}},"191":{"start":{"line":192,"column":0},"end":{"line":192,"column":66}},"192":{"start":{"line":193,"column":0},"end":{"line":193,"column":53}},"193":{"start":{"line":194,"column":0},"end":{"line":194,"column":90}},"194":{"start":{"line":195,"column":0},"end":{"line":195,"column":54}},"195":{"start":{"line":196,"column":0},"end":{"line":196,"column":41}},"196":{"start":{"line":197,"column":0},"end":{"line":197,"column":138}},"197":{"start":{"line":198,"column":0},"end":{"line":198,"column":36}},"198":{"start":{"line":199,"column":0},"end":{"line":199,"column":51}},"199":{"start":{"line":200,"column":0},"end":{"line":200,"column":47}},"200":{"start":{"line":201,"column":0},"end":{"line":201,"column":25}},"203":{"start":{"line":204,"column":0},"end":{"line":204,"column":281}},"204":{"start":{"line":205,"column":0},"end":{"line":205,"column":26}},"205":{"start":{"line":206,"column":0},"end":{"line":206,"column":22}},"206":{"start":{"line":207,"column":0},"end":{"line":207,"column":18}},"207":{"start":{"line":208,"column":0},"end":{"line":208,"column":60}},"208":{"start":{"line":209,"column":0},"end":{"line":209,"column":82}},"209":{"start":{"line":210,"column":0},"end":{"line":210,"column":77}},"210":{"start":{"line":211,"column":0},"end":{"line":211,"column":54}},"211":{"start":{"line":212,"column":0},"end":{"line":212,"column":65}},"212":{"start":{"line":213,"column":0},"end":{"line":213,"column":139}},"213":{"start":{"line":214,"column":0},"end":{"line":214,"column":30}},"214":{"start":{"line":215,"column":0},"end":{"line":215,"column":35}},"215":{"start":{"line":216,"column":0},"end":{"line":216,"column":57}},"216":{"start":{"line":217,"column":0},"end":{"line":217,"column":56}},"217":{"start":{"line":218,"column":0},"end":{"line":218,"column":32}},"218":{"start":{"line":219,"column":0},"end":{"line":219,"column":38}},"219":{"start":{"line":220,"column":0},"end":{"line":220,"column":73}},"220":{"start":{"line":221,"column":0},"end":{"line":221,"column":26}},"221":{"start":{"line":222,"column":0},"end":{"line":222,"column":84}},"222":{"start":{"line":223,"column":0},"end":{"line":223,"column":26}},"223":{"start":{"line":224,"column":0},"end":{"line":224,"column":65}},"224":{"start":{"line":225,"column":0},"end":{"line":225,"column":138}},"225":{"start":{"line":226,"column":0},"end":{"line":226,"column":26}},"226":{"start":{"line":227,"column":0},"end":{"line":227,"column":36}},"227":{"start":{"line":228,"column":0},"end":{"line":228,"column":58}},"228":{"start":{"line":229,"column":0},"end":{"line":229,"column":56}},"229":{"start":{"line":230,"column":0},"end":{"line":230,"column":32}},"230":{"start":{"line":231,"column":0},"end":{"line":231,"column":38}},"231":{"start":{"line":232,"column":0},"end":{"line":232,"column":74}},"232":{"start":{"line":233,"column":0},"end":{"line":233,"column":26}},"233":{"start":{"line":234,"column":0},"end":{"line":234,"column":81}},"234":{"start":{"line":235,"column":0},"end":{"line":235,"column":26}},"235":{"start":{"line":236,"column":0},"end":{"line":236,"column":65}},"236":{"start":{"line":237,"column":0},"end":{"line":237,"column":146}},"237":{"start":{"line":238,"column":0},"end":{"line":238,"column":30}},"238":{"start":{"line":239,"column":0},"end":{"line":239,"column":35}},"239":{"start":{"line":240,"column":0},"end":{"line":240,"column":58}},"240":{"start":{"line":241,"column":0},"end":{"line":241,"column":56}},"241":{"start":{"line":242,"column":0},"end":{"line":242,"column":32}},"242":{"start":{"line":243,"column":0},"end":{"line":243,"column":38}},"243":{"start":{"line":244,"column":0},"end":{"line":244,"column":74}},"244":{"start":{"line":245,"column":0},"end":{"line":245,"column":22}},"245":{"start":{"line":246,"column":0},"end":{"line":246,"column":81}},"246":{"start":{"line":247,"column":0},"end":{"line":247,"column":26}},"247":{"start":{"line":248,"column":0},"end":{"line":248,"column":22}},"248":{"start":{"line":249,"column":0},"end":{"line":249,"column":73}},"249":{"start":{"line":250,"column":0},"end":{"line":250,"column":54}},"250":{"start":{"line":251,"column":0},"end":{"line":251,"column":65}},"251":{"start":{"line":252,"column":0},"end":{"line":252,"column":135}},"252":{"start":{"line":253,"column":0},"end":{"line":253,"column":30}},"253":{"start":{"line":254,"column":0},"end":{"line":254,"column":35}},"254":{"start":{"line":255,"column":0},"end":{"line":255,"column":60}},"255":{"start":{"line":256,"column":0},"end":{"line":256,"column":56}},"256":{"start":{"line":257,"column":0},"end":{"line":257,"column":32}},"257":{"start":{"line":258,"column":0},"end":{"line":258,"column":38}},"258":{"start":{"line":259,"column":0},"end":{"line":259,"column":76}},"259":{"start":{"line":260,"column":0},"end":{"line":260,"column":26}},"260":{"start":{"line":261,"column":0},"end":{"line":261,"column":87}},"261":{"start":{"line":262,"column":0},"end":{"line":262,"column":26}},"262":{"start":{"line":263,"column":0},"end":{"line":263,"column":65}},"263":{"start":{"line":264,"column":0},"end":{"line":264,"column":139}},"264":{"start":{"line":265,"column":0},"end":{"line":265,"column":30}},"265":{"start":{"line":266,"column":0},"end":{"line":266,"column":35}},"266":{"start":{"line":267,"column":0},"end":{"line":267,"column":61}},"267":{"start":{"line":268,"column":0},"end":{"line":268,"column":56}},"268":{"start":{"line":269,"column":0},"end":{"line":269,"column":32}},"269":{"start":{"line":270,"column":0},"end":{"line":270,"column":38}},"270":{"start":{"line":271,"column":0},"end":{"line":271,"column":26}},"271":{"start":{"line":272,"column":0},"end":{"line":272,"column":88}},"272":{"start":{"line":273,"column":0},"end":{"line":273,"column":26}},"273":{"start":{"line":274,"column":0},"end":{"line":274,"column":65}},"274":{"start":{"line":275,"column":0},"end":{"line":275,"column":134}},"275":{"start":{"line":276,"column":0},"end":{"line":276,"column":30}},"276":{"start":{"line":277,"column":0},"end":{"line":277,"column":35}},"277":{"start":{"line":278,"column":0},"end":{"line":278,"column":57}},"278":{"start":{"line":279,"column":0},"end":{"line":279,"column":56}},"279":{"start":{"line":280,"column":0},"end":{"line":280,"column":38}},"280":{"start":{"line":281,"column":0},"end":{"line":281,"column":73}},"281":{"start":{"line":282,"column":0},"end":{"line":282,"column":26}},"282":{"start":{"line":283,"column":0},"end":{"line":283,"column":84}},"283":{"start":{"line":284,"column":0},"end":{"line":284,"column":26}},"284":{"start":{"line":285,"column":0},"end":{"line":285,"column":22}},"285":{"start":{"line":286,"column":0},"end":{"line":286,"column":69}},"286":{"start":{"line":287,"column":0},"end":{"line":287,"column":54}},"287":{"start":{"line":288,"column":0},"end":{"line":288,"column":65}},"288":{"start":{"line":289,"column":0},"end":{"line":289,"column":130}},"289":{"start":{"line":290,"column":0},"end":{"line":290,"column":30}},"290":{"start":{"line":291,"column":0},"end":{"line":291,"column":35}},"291":{"start":{"line":292,"column":0},"end":{"line":292,"column":56}},"292":{"start":{"line":293,"column":0},"end":{"line":293,"column":56}},"293":{"start":{"line":294,"column":0},"end":{"line":294,"column":32}},"294":{"start":{"line":295,"column":0},"end":{"line":295,"column":38}},"295":{"start":{"line":296,"column":0},"end":{"line":296,"column":72}},"296":{"start":{"line":297,"column":0},"end":{"line":297,"column":26}},"297":{"start":{"line":298,"column":0},"end":{"line":298,"column":83}},"298":{"start":{"line":299,"column":0},"end":{"line":299,"column":26}},"299":{"start":{"line":300,"column":0},"end":{"line":300,"column":65}},"300":{"start":{"line":301,"column":0},"end":{"line":301,"column":130}},"301":{"start":{"line":302,"column":0},"end":{"line":302,"column":30}},"302":{"start":{"line":303,"column":0},"end":{"line":303,"column":35}},"303":{"start":{"line":304,"column":0},"end":{"line":304,"column":56}},"304":{"start":{"line":305,"column":0},"end":{"line":305,"column":56}},"305":{"start":{"line":306,"column":0},"end":{"line":306,"column":32}},"306":{"start":{"line":307,"column":0},"end":{"line":307,"column":38}},"307":{"start":{"line":308,"column":0},"end":{"line":308,"column":72}},"308":{"start":{"line":309,"column":0},"end":{"line":309,"column":26}},"309":{"start":{"line":310,"column":0},"end":{"line":310,"column":83}},"310":{"start":{"line":311,"column":0},"end":{"line":311,"column":26}},"311":{"start":{"line":312,"column":0},"end":{"line":312,"column":65}},"312":{"start":{"line":313,"column":0},"end":{"line":313,"column":155}},"313":{"start":{"line":314,"column":0},"end":{"line":314,"column":30}},"314":{"start":{"line":315,"column":0},"end":{"line":315,"column":35}},"315":{"start":{"line":316,"column":0},"end":{"line":316,"column":58}},"316":{"start":{"line":317,"column":0},"end":{"line":317,"column":56}},"317":{"start":{"line":318,"column":0},"end":{"line":318,"column":32}},"318":{"start":{"line":319,"column":0},"end":{"line":319,"column":38}},"319":{"start":{"line":320,"column":0},"end":{"line":320,"column":79}},"320":{"start":{"line":321,"column":0},"end":{"line":321,"column":26}},"321":{"start":{"line":322,"column":0},"end":{"line":322,"column":90}},"322":{"start":{"line":323,"column":0},"end":{"line":323,"column":26}},"323":{"start":{"line":324,"column":0},"end":{"line":324,"column":22}},"325":{"start":{"line":326,"column":0},"end":{"line":326,"column":22}},"326":{"start":{"line":327,"column":0},"end":{"line":327,"column":33}},"327":{"start":{"line":328,"column":0},"end":{"line":328,"column":37}},"328":{"start":{"line":329,"column":0},"end":{"line":329,"column":44}},"329":{"start":{"line":330,"column":0},"end":{"line":330,"column":46}},"330":{"start":{"line":331,"column":0},"end":{"line":331,"column":18}},"331":{"start":{"line":332,"column":0},"end":{"line":332,"column":19}},"332":{"start":{"line":333,"column":0},"end":{"line":333,"column":14}},"334":{"start":{"line":335,"column":0},"end":{"line":335,"column":1}},"336":{"start":{"line":337,"column":0},"end":{"line":337,"column":19}}},"s":{"0":1,"1":1,"4":1,"5":57,"7":57,"9":57,"10":57,"11":57,"12":57,"13":57,"14":57,"15":57,"17":57,"19":57,"21":57,"22":57,"23":57,"24":57,"25":57,"26":57,"27":57,"28":57,"29":57,"30":57,"31":57,"32":57,"33":57,"34":57,"35":57,"36":57,"37":57,"38":57,"39":57,"40":57,"41":57,"42":57,"43":57,"44":57,"45":57,"46":57,"47":57,"48":57,"49":57,"50":57,"51":57,"52":57,"53":57,"54":57,"55":57,"56":57,"57":57,"58":57,"59":57,"60":57,"61":57,"62":57,"63":57,"64":57,"65":57,"66":57,"67":57,"69":57,"70":90,"71":90,"73":90,"74":8,"75":8,"77":90,"78":2,"79":2,"80":80,"81":90,"83":57,"84":57,"86":57,"88":2,"89":2,"90":2,"91":2,"92":2,"93":2,"94":2,"95":2,"96":57,"98":57,"99":10,"101":10,"102":10,"103":10,"104":10,"105":10,"106":10,"107":10,"108":10,"109":10,"110":10,"111":10,"113":10,"114":90,"115":90,"116":10,"117":10,"118":10,"120":10,"121":10,"122":10,"124":57,"126":10,"128":10,"129":10,"130":10,"131":10,"133":0,"134":0,"135":0,"136":0,"137":0,"138":0,"139":0,"140":0,"141":0,"142":0,"143":0,"144":0,"145":0,"146":0,"147":0,"148":0,"149":0,"150":0,"151":0,"152":0,"153":0,"154":0,"155":0,"156":0,"157":0,"159":0,"160":0,"161":0,"162":0,"163":0,"164":0,"166":10,"167":0,"168":0,"169":10,"171":57,"172":36,"173":36,"174":36,"175":25,"176":0,"177":0,"178":20,"179":20,"181":20,"182":25,"183":5,"184":5,"185":36,"187":36,"188":57,"190":57,"191":57,"192":57,"193":57,"194":57,"195":57,"196":57,"197":57,"198":0,"199":0,"200":0,"203":57,"204":57,"205":57,"206":57,"207":57,"208":57,"209":57,"210":57,"211":57,"212":57,"213":57,"214":57,"215":57,"216":57,"217":57,"218":57,"219":57,"220":57,"221":57,"222":57,"223":57,"224":57,"225":57,"226":57,"227":57,"228":57,"229":57,"230":57,"231":57,"232":57,"233":57,"234":57,"235":57,"236":57,"237":57,"238":57,"239":57,"240":57,"241":57,"242":57,"243":57,"244":57,"245":57,"246":57,"247":57,"248":57,"249":57,"250":57,"251":57,"252":57,"253":57,"254":57,"255":57,"256":57,"257":57,"258":57,"259":57,"260":57,"261":57,"262":57,"263":57,"264":57,"265":57,"266":57,"267":57,"268":57,"269":57,"270":57,"271":57,"272":57,"273":57,"274":57,"275":57,"276":57,"277":57,"278":57,"279":57,"280":57,"281":57,"282":57,"283":57,"284":57,"285":57,"286":57,"287":57,"288":57,"289":57,"290":57,"291":57,"292":57,"293":57,"294":57,"295":57,"296":57,"297":57,"298":57,"299":57,"300":57,"301":57,"302":57,"303":57,"304":57,"305":57,"306":57,"307":57,"308":57,"309":57,"310":57,"311":57,"312":57,"313":57,"314":57,"315":57,"316":57,"317":57,"318":57,"319":57,"320":57,"321":57,"322":57,"323":57,"325":57,"326":57,"327":57,"328":57,"329":57,"330":57,"331":57,"332":57,"334":57,"336":1},"branchMap":{"0":{"type":"branch","line":5,"loc":{"start":{"line":5,"column":13},"end":{"line":335,"column":1}},"locations":[{"start":{"line":5,"column":13},"end":{"line":335,"column":1}}]},"1":{"type":"branch","line":192,"loc":{"start":{"line":192,"column":31},"end":{"line":192,"column":55}},"locations":[{"start":{"line":192,"column":31},"end":{"line":192,"column":55}}]},"2":{"type":"branch","line":192,"loc":{"start":{"line":192,"column":45},"end":{"line":192,"column":62}},"locations":[{"start":{"line":192,"column":45},"end":{"line":192,"column":62}}]},"3":{"type":"branch","line":70,"loc":{"start":{"line":70,"column":26},"end":{"line":82,"column":6}},"locations":[{"start":{"line":70,"column":26},"end":{"line":82,"column":6}}]},"4":{"type":"branch","line":72,"loc":{"start":{"line":72,"column":20},"end":{"line":72,"column":32}},"locations":[{"start":{"line":72,"column":20},"end":{"line":72,"column":32}}]},"5":{"type":"branch","line":74,"loc":{"start":{"line":74,"column":44},"end":{"line":76,"column":9}},"locations":[{"start":{"line":74,"column":44},"end":{"line":76,"column":9}}]},"6":{"type":"branch","line":76,"loc":{"start":{"line":76,"column":8},"end":{"line":78,"column":21}},"locations":[{"start":{"line":76,"column":8},"end":{"line":78,"column":21}}]},"7":{"type":"branch","line":78,"loc":{"start":{"line":78,"column":12},"end":{"line":78,"column":47}},"locations":[{"start":{"line":78,"column":12},"end":{"line":78,"column":47}}]},"8":{"type":"branch","line":78,"loc":{"start":{"line":78,"column":47},"end":{"line":80,"column":9}},"locations":[{"start":{"line":78,"column":47},"end":{"line":80,"column":9}}]},"9":{"type":"branch","line":80,"loc":{"start":{"line":80,"column":8},"end":{"line":81,"column":20}},"locations":[{"start":{"line":80,"column":8},"end":{"line":81,"column":20}}]},"10":{"type":"branch","line":84,"loc":{"start":{"line":84,"column":14},"end":{"line":97,"column":7}},"locations":[{"start":{"line":84,"column":14},"end":{"line":97,"column":7}}]},"11":{"type":"branch","line":87,"loc":{"start":{"line":87,"column":93},"end":{"line":96,"column":9}},"locations":[{"start":{"line":87,"column":93},"end":{"line":96,"column":9}}]},"12":{"type":"branch","line":89,"loc":{"start":{"line":89,"column":24},"end":{"line":95,"column":6}},"locations":[{"start":{"line":89,"column":24},"end":{"line":95,"column":6}}]},"13":{"type":"branch","line":99,"loc":{"start":{"line":99,"column":25},"end":{"line":123,"column":6}},"locations":[{"start":{"line":99,"column":25},"end":{"line":123,"column":6}}]},"14":{"type":"branch","line":103,"loc":{"start":{"line":103,"column":82},"end":{"line":103,"column":94}},"locations":[{"start":{"line":103,"column":82},"end":{"line":103,"column":94}}]},"15":{"type":"branch","line":104,"loc":{"start":{"line":104,"column":84},"end":{"line":104,"column":96}},"locations":[{"start":{"line":104,"column":84},"end":{"line":104,"column":96}}]},"16":{"type":"branch","line":105,"loc":{"start":{"line":105,"column":84},"end":{"line":105,"column":96}},"locations":[{"start":{"line":105,"column":84},"end":{"line":105,"column":96}}]},"17":{"type":"branch","line":106,"loc":{"start":{"line":106,"column":88},"end":{"line":106,"column":100}},"locations":[{"start":{"line":106,"column":88},"end":{"line":106,"column":100}}]},"18":{"type":"branch","line":107,"loc":{"start":{"line":107,"column":90},"end":{"line":107,"column":102}},"locations":[{"start":{"line":107,"column":90},"end":{"line":107,"column":102}}]},"19":{"type":"branch","line":109,"loc":{"start":{"line":109,"column":80},"end":{"line":109,"column":92}},"locations":[{"start":{"line":109,"column":80},"end":{"line":109,"column":92}}]},"20":{"type":"branch","line":110,"loc":{"start":{"line":110,"column":80},"end":{"line":110,"column":92}},"locations":[{"start":{"line":110,"column":80},"end":{"line":110,"column":92}}]},"21":{"type":"branch","line":111,"loc":{"start":{"line":111,"column":89},"end":{"line":111,"column":100}},"locations":[{"start":{"line":111,"column":89},"end":{"line":111,"column":100}}]},"22":{"type":"branch","line":114,"loc":{"start":{"line":114,"column":36},"end":{"line":119,"column":9}},"locations":[{"start":{"line":114,"column":36},"end":{"line":119,"column":9}}]},"23":{"type":"branch","line":116,"loc":{"start":{"line":116,"column":23},"end":{"line":118,"column":13}},"locations":[{"start":{"line":116,"column":23},"end":{"line":118,"column":13}}]},"24":{"type":"branch","line":125,"loc":{"start":{"line":125,"column":25},"end":{"line":170,"column":8}},"locations":[{"start":{"line":125,"column":25},"end":{"line":170,"column":8}}]},"25":{"type":"branch","line":132,"loc":{"start":{"line":132,"column":8},"end":{"line":165,"column":11}},"locations":[{"start":{"line":132,"column":8},"end":{"line":165,"column":11}}]},"26":{"type":"branch","line":167,"loc":{"start":{"line":167,"column":8},"end":{"line":169,"column":9}},"locations":[{"start":{"line":167,"column":8},"end":{"line":169,"column":9}}]},"27":{"type":"branch","line":172,"loc":{"start":{"line":172,"column":16},"end":{"line":189,"column":9}},"locations":[{"start":{"line":172,"column":16},"end":{"line":189,"column":9}}]},"28":{"type":"branch","line":173,"loc":{"start":{"line":173,"column":33},"end":{"line":186,"column":10}},"locations":[{"start":{"line":173,"column":33},"end":{"line":186,"column":10}}]},"29":{"type":"branch","line":175,"loc":{"start":{"line":175,"column":149},"end":{"line":185,"column":11}},"locations":[{"start":{"line":175,"column":149},"end":{"line":185,"column":11}}]},"30":{"type":"branch","line":175,"loc":{"start":{"line":175,"column":149},"end":{"line":176,"column":30}},"locations":[{"start":{"line":175,"column":149},"end":{"line":176,"column":30}}]},"31":{"type":"branch","line":176,"loc":{"start":{"line":176,"column":30},"end":{"line":178,"column":13}},"locations":[{"start":{"line":176,"column":30},"end":{"line":178,"column":13}}]},"32":{"type":"branch","line":178,"loc":{"start":{"line":178,"column":12},"end":{"line":183,"column":19}},"locations":[{"start":{"line":178,"column":12},"end":{"line":183,"column":19}}]},"33":{"type":"branch","line":183,"loc":{"start":{"line":183,"column":10},"end":{"line":185,"column":11}},"locations":[{"start":{"line":183,"column":10},"end":{"line":185,"column":11}}]}},"b":{"0":[57],"1":[25],"2":[32],"3":[90],"4":[0],"5":[8],"6":[82],"7":[2],"8":[2],"9":[80],"10":[57],"11":[2],"12":[2],"13":[10],"14":[9],"15":[8],"16":[8],"17":[9],"18":[9],"19":[9],"20":[9],"21":[9],"22":[90],"23":[10],"24":[10],"25":[0],"26":[0],"27":[36],"28":[36],"29":[25],"30":[21],"31":[0],"32":[20],"33":[5]},"fnMap":{"0":{"name":"Form","decl":{"start":{"line":5,"column":13},"end":{"line":335,"column":1}},"loc":{"start":{"line":5,"column":13},"end":{"line":335,"column":1}},"line":5},"1":{"name":"validateField","decl":{"start":{"line":70,"column":26},"end":{"line":82,"column":6}},"loc":{"start":{"line":70,"column":26},"end":{"line":82,"column":6}},"line":70},"2":{"name":"validateForm","decl":{"start":{"line":99,"column":25},"end":{"line":123,"column":6}},"loc":{"start":{"line":99,"column":25},"end":{"line":123,"column":6}},"line":99},"3":{"name":"handleSubmit","decl":{"start":{"line":125,"column":25},"end":{"line":170,"column":8}},"loc":{"start":{"line":125,"column":25},"end":{"line":170,"column":8}},"line":125},"4":{"name":"fetchAppointment","decl":{"start":{"line":173,"column":33},"end":{"line":186,"column":10}},"loc":{"start":{"line":173,"column":33},"end":{"line":186,"column":10}},"line":173},"5":{"name":"onClick","decl":{"start":{"line":198,"column":29},"end":{"line":201,"column":25}},"loc":{"start":{"line":198,"column":29},"end":{"line":201,"column":25}},"line":198}},"f":{"0":57,"1":90,"2":10,"3":10,"4":36,"5":0}}
,"/home/aurore/Documents/cda-simplon-val/021-truckbusters/truckbusters_frontend/src/components/appointment/modal/Modal.jsx": {"path":"/home/aurore/Documents/cda-simplon-val/021-truckbusters/truckbusters_frontend/src/components/appointment/modal/Modal.jsx","all":false,"statementMap":{"0":{"start":{"line":1,"column":0},"end":{"line":1,"column":21}},"2":{"start":{"line":3,"column":0},"end":{"line":3,"column":26}},"3":{"start":{"line":4,"column":0},"end":{"line":4,"column":177}},"5":{"start":{"line":6,"column":0},"end":{"line":6,"column":19}},"8":{"start":{"line":9,"column":0},"end":{"line":9,"column":32}},"9":{"start":{"line":10,"column":0},"end":{"line":10,"column":13}},"10":{"start":{"line":11,"column":0},"end":{"line":11,"column":44}},"11":{"start":{"line":12,"column":0},"end":{"line":12,"column":44}},"12":{"start":{"line":13,"column":0},"end":{"line":13,"column":7}},"13":{"start":{"line":14,"column":0},"end":{"line":14,"column":12}},"14":{"start":{"line":15,"column":0},"end":{"line":15,"column":13}},"15":{"start":{"line":16,"column":0},"end":{"line":16,"column":44}},"16":{"start":{"line":17,"column":0},"end":{"line":17,"column":44}},"17":{"start":{"line":18,"column":0},"end":{"line":18,"column":45}},"18":{"start":{"line":19,"column":0},"end":{"line":19,"column":45}},"19":{"start":{"line":20,"column":0},"end":{"line":20,"column":44}},"20":{"start":{"line":21,"column":0},"end":{"line":21,"column":7}},"21":{"start":{"line":22,"column":0},"end":{"line":22,"column":5}},"23":{"start":{"line":24,"column":0},"end":{"line":24,"column":12}},"24":{"start":{"line":25,"column":0},"end":{"line":25,"column":9}},"25":{"start":{"line":26,"column":0},"end":{"line":26,"column":95}},"26":{"start":{"line":27,"column":0},"end":{"line":27,"column":39}},"27":{"start":{"line":28,"column":0},"end":{"line":28,"column":119}},"28":{"start":{"line":29,"column":0},"end":{"line":29,"column":151}},"29":{"start":{"line":30,"column":0},"end":{"line":30,"column":98}},"30":{"start":{"line":31,"column":0},"end":{"line":31,"column":22}},"31":{"start":{"line":32,"column":0},"end":{"line":32,"column":21}},"32":{"start":{"line":33,"column":0},"end":{"line":33,"column":92}},"33":{"start":{"line":34,"column":0},"end":{"line":34,"column":105}},"34":{"start":{"line":35,"column":0},"end":{"line":35,"column":52}},"35":{"start":{"line":36,"column":0},"end":{"line":36,"column":18}},"36":{"start":{"line":37,"column":0},"end":{"line":37,"column":88}},"37":{"start":{"line":38,"column":0},"end":{"line":38,"column":35}},"38":{"start":{"line":39,"column":0},"end":{"line":39,"column":23}},"39":{"start":{"line":40,"column":0},"end":{"line":40,"column":31}},"40":{"start":{"line":41,"column":0},"end":{"line":41,"column":79}},"41":{"start":{"line":42,"column":0},"end":{"line":42,"column":60}},"42":{"start":{"line":43,"column":0},"end":{"line":43,"column":36}},"43":{"start":{"line":44,"column":0},"end":{"line":44,"column":41}},"44":{"start":{"line":45,"column":0},"end":{"line":45,"column":37}},"45":{"start":{"line":46,"column":0},"end":{"line":46,"column":106}},"46":{"start":{"line":47,"column":0},"end":{"line":47,"column":73}},"47":{"start":{"line":48,"column":0},"end":{"line":48,"column":35}},"48":{"start":{"line":49,"column":0},"end":{"line":49,"column":22}},"50":{"start":{"line":51,"column":0},"end":{"line":51,"column":32}},"51":{"start":{"line":52,"column":0},"end":{"line":52,"column":25}},"52":{"start":{"line":53,"column":0},"end":{"line":53,"column":15}},"53":{"start":{"line":54,"column":0},"end":{"line":54,"column":18}},"54":{"start":{"line":55,"column":0},"end":{"line":55,"column":14}},"55":{"start":{"line":56,"column":0},"end":{"line":56,"column":14}},"56":{"start":{"line":57,"column":0},"end":{"line":57,"column":10}},"58":{"start":{"line":59,"column":0},"end":{"line":59,"column":1}},"60":{"start":{"line":61,"column":0},"end":{"line":61,"column":20}}},"s":{"0":1,"2":1,"3":33,"5":33,"8":33,"9":0,"10":0,"11":0,"12":0,"13":33,"14":33,"15":33,"16":33,"17":33,"18":33,"19":33,"20":33,"21":33,"23":33,"24":33,"25":33,"26":33,"27":33,"28":33,"29":33,"30":33,"31":33,"32":33,"33":33,"34":33,"35":33,"36":33,"37":33,"38":165,"39":165,"40":165,"41":165,"42":165,"43":2,"44":2,"45":2,"46":2,"47":2,"48":2,"50":165,"51":165,"52":33,"53":33,"54":33,"55":33,"56":33,"58":33,"60":1},"branchMap":{"0":{"type":"branch","line":3,"loc":{"start":{"line":3,"column":14},"end":{"line":59,"column":1}},"locations":[{"start":{"line":3,"column":14},"end":{"line":59,"column":1}}]},"1":{"type":"branch","line":9,"loc":{"start":{"line":9,"column":31},"end":{"line":14,"column":11}},"locations":[{"start":{"line":9,"column":31},"end":{"line":14,"column":11}}]},"2":{"type":"branch","line":26,"loc":{"start":{"line":26,"column":49},"end":{"line":26,"column":65}},"locations":[{"start":{"line":26,"column":49},"end":{"line":26,"column":65}}]},"3":{"type":"branch","line":26,"loc":{"start":{"line":26,"column":56},"end":{"line":26,"column":72}},"locations":[{"start":{"line":26,"column":56},"end":{"line":26,"column":72}}]},"4":{"type":"branch","line":28,"loc":{"start":{"line":28,"column":62},"end":{"line":28,"column":84}},"locations":[{"start":{"line":28,"column":62},"end":{"line":28,"column":84}}]},"5":{"type":"branch","line":37,"loc":{"start":{"line":37,"column":20},"end":{"line":37,"column":87}},"locations":[{"start":{"line":37,"column":20},"end":{"line":37,"column":87}}]},"6":{"type":"branch","line":38,"loc":{"start":{"line":38,"column":17},"end":{"line":52,"column":25}},"locations":[{"start":{"line":38,"column":17},"end":{"line":52,"column":25}}]},"7":{"type":"branch","line":43,"loc":{"start":{"line":43,"column":29},"end":{"line":49,"column":22}},"locations":[{"start":{"line":43,"column":29},"end":{"line":49,"column":22}}]}},"b":{"0":[33],"1":[0],"2":[6],"3":[27],"4":[1],"5":[165],"6":[165],"7":[2]},"fnMap":{"0":{"name":"Modal","decl":{"start":{"line":3,"column":14},"end":{"line":59,"column":1}},"loc":{"start":{"line":3,"column":14},"end":{"line":59,"column":1}},"line":3},"1":{"name":"onClick","decl":{"start":{"line":28,"column":62},"end":{"line":28,"column":84}},"loc":{"start":{"line":28,"column":62},"end":{"line":28,"column":84}},"line":28},"2":{"name":"onClick","decl":{"start":{"line":43,"column":29},"end":{"line":49,"column":22}},"loc":{"start":{"line":43,"column":29},"end":{"line":49,"column":22}},"line":43}},"f":{"0":33,"1":1,"2":2}}
,"/home/aurore/Documents/cda-simplon-val/021-truckbusters/truckbusters_frontend/src/components/header/Header.jsx": {"path":"/home/aurore/Documents/cda-simplon-val/021-truckbusters/truckbusters_frontend/src/components/header/Header.jsx","all":false,"statementMap":{"0":{"start":{"line":1,"column":0},"end":{"line":1,"column":22}},"1":{"start":{"line":2,"column":0},"end":{"line":2,"column":53}},"3":{"start":{"line":4,"column":0},"end":{"line":4,"column":22}},"5":{"start":{"line":6,"column":0},"end":{"line":6,"column":12}},"6":{"start":{"line":7,"column":0},"end":{"line":7,"column":32}},"7":{"start":{"line":8,"column":0},"end":{"line":8,"column":43}},"8":{"start":{"line":9,"column":0},"end":{"line":9,"column":121}},"9":{"start":{"line":10,"column":0},"end":{"line":10,"column":380}},"10":{"start":{"line":11,"column":0},"end":{"line":11,"column":22}},"11":{"start":{"line":12,"column":0},"end":{"line":12,"column":46}},"12":{"start":{"line":13,"column":0},"end":{"line":13,"column":26}},"13":{"start":{"line":14,"column":0},"end":{"line":14,"column":121}},"14":{"start":{"line":15,"column":0},"end":{"line":15,"column":249}},"15":{"start":{"line":16,"column":0},"end":{"line":16,"column":22}},"16":{"start":{"line":17,"column":0},"end":{"line":17,"column":62}},"17":{"start":{"line":18,"column":0},"end":{"line":18,"column":18}},"18":{"start":{"line":19,"column":0},"end":{"line":19,"column":44}},"19":{"start":{"line":20,"column":0},"end":{"line":20,"column":56}},"20":{"start":{"line":21,"column":0},"end":{"line":21,"column":55}},"21":{"start":{"line":22,"column":0},"end":{"line":22,"column":125}},"22":{"start":{"line":23,"column":0},"end":{"line":23,"column":401}},"23":{"start":{"line":24,"column":0},"end":{"line":24,"column":26}},"24":{"start":{"line":25,"column":0},"end":{"line":25,"column":42}},"25":{"start":{"line":26,"column":0},"end":{"line":26,"column":22}},"26":{"start":{"line":27,"column":0},"end":{"line":27,"column":18}},"27":{"start":{"line":28,"column":0},"end":{"line":28,"column":14}},"29":{"start":{"line":30,"column":0},"end":{"line":30,"column":1}},"31":{"start":{"line":32,"column":0},"end":{"line":32,"column":22}}},"s":{"0":1,"1":1,"3":1,"5":2,"6":2,"7":2,"8":2,"9":2,"10":2,"11":2,"12":2,"13":2,"14":2,"15":2,"16":2,"17":2,"18":2,"19":2,"20":2,"21":2,"22":2,"23":2,"24":2,"25":2,"26":2,"27":2,"29":2,"31":1},"branchMap":{"0":{"type":"branch","line":4,"loc":{"start":{"line":4,"column":15},"end":{"line":30,"column":1}},"locations":[{"start":{"line":4,"column":15},"end":{"line":30,"column":1}}]}},"b":{"0":[2]},"fnMap":{"0":{"name":"Header","decl":{"start":{"line":4,"column":15},"end":{"line":30,"column":1}},"loc":{"start":{"line":4,"column":15},"end":{"line":30,"column":1}},"line":4}},"f":{"0":2}}
}
